{"/Users/stevenzhou/Desktop/StevenZhou/Undergraduate/INFO4260/Chattometer/extension/chrome_extension/chattometer/src/scripts/content.js":{"path":"/Users/stevenzhou/Desktop/StevenZhou/Undergraduate/INFO4260/Chattometer/extension/chrome_extension/chattometer/src/scripts/content.js","statementMap":{"0":{"start":{"line":3,"column":0},"end":{"line":5,"column":3}},"1":{"start":{"line":6,"column":0},"end":{"line":6,"column":46}},"2":{"start":{"line":7,"column":0},"end":{"line":7,"column":34}},"3":{"start":{"line":8,"column":12},"end":{"line":8,"column":39}},"4":{"start":{"line":9,"column":18},"end":{"line":9,"column":81}},"5":{"start":{"line":10,"column":37},"end":{"line":10,"column":85}},"6":{"start":{"line":11,"column":49},"end":{"line":11,"column":316}},"7":{"start":{"line":11,"column":149},"end":{"line":11,"column":165}},"8":{"start":{"line":11,"column":185},"end":{"line":11,"column":301}},"9":{"start":{"line":12,"column":196},"end":{"line":12,"column":263}},"10":{"start":{"line":12,"column":251},"end":{"line":12,"column":260}},"11":{"start":{"line":12,"column":275},"end":{"line":12,"column":277}},"12":{"start":{"line":12,"column":283},"end":{"line":12,"column":299}},"13":{"start":{"line":12,"column":305},"end":{"line":12,"column":321}},"14":{"start":{"line":12,"column":327},"end":{"line":12,"column":390}},"15":{"start":{"line":12,"column":373},"end":{"line":12,"column":388}},"16":{"start":{"line":12,"column":396},"end":{"line":12,"column":437}},"17":{"start":{"line":12,"column":443},"end":{"line":12,"column":469}},"18":{"start":{"line":12,"column":475},"end":{"line":12,"column":511}},"19":{"start":{"line":12,"column":517},"end":{"line":12,"column":549}},"20":{"start":{"line":12,"column":578},"end":{"line":12,"column":681}},"21":{"start":{"line":12,"column":684},"end":{"line":12,"column":777}},"22":{"start":{"line":12,"column":690},"end":{"line":12,"column":705}},"23":{"start":{"line":12,"column":720},"end":{"line":12,"column":775}},"24":{"start":{"line":12,"column":756},"end":{"line":12,"column":772}},"25":{"start":{"line":12,"column":814},"end":{"line":12,"column":867}},"26":{"start":{"line":12,"column":873},"end":{"line":12,"column":899}},"27":{"start":{"line":12,"column":905},"end":{"line":12,"column":925}},"28":{"start":{"line":12,"column":927},"end":{"line":12,"column":991}},"29":{"start":{"line":12,"column":1023},"end":{"line":12,"column":1124}},"30":{"start":{"line":12,"column":1029},"end":{"line":12,"column":1074}},"31":{"start":{"line":12,"column":1089},"end":{"line":12,"column":1122}},"32":{"start":{"line":12,"column":1127},"end":{"line":12,"column":1141}},"33":{"start":{"line":12,"column":1150},"end":{"line":12,"column":1166}},"34":{"start":{"line":12,"column":1172},"end":{"line":12,"column":1188}},"35":{"start":{"line":12,"column":1194},"end":{"line":12,"column":1205}},"36":{"start":{"line":12,"column":1211},"end":{"line":12,"column":1222}},"37":{"start":{"line":12,"column":1228},"end":{"line":12,"column":1230}},"38":{"start":{"line":12,"column":1337},"end":{"line":12,"column":1339}},"39":{"start":{"line":12,"column":1341},"end":{"line":12,"column":1384}},"40":{"start":{"line":12,"column":1368},"end":{"line":12,"column":1380}},"41":{"start":{"line":12,"column":1393},"end":{"line":12,"column":1414}},"42":{"start":{"line":12,"column":1420},"end":{"line":12,"column":1441}},"43":{"start":{"line":12,"column":1443},"end":{"line":12,"column":1483}},"44":{"start":{"line":12,"column":1492},"end":{"line":12,"column":1569}},"45":{"start":{"line":12,"column":1607},"end":{"line":12,"column":1720}},"46":{"start":{"line":12,"column":1658},"end":{"line":12,"column":1716}},"47":{"start":{"line":12,"column":1686},"end":{"line":12,"column":1712}},"48":{"start":{"line":12,"column":1792},"end":{"line":12,"column":1812}},"49":{"start":{"line":12,"column":1814},"end":{"line":12,"column":2152}},"50":{"start":{"line":12,"column":1848},"end":{"line":12,"column":1853}},"51":{"start":{"line":12,"column":1859},"end":{"line":12,"column":1866}},"52":{"start":{"line":12,"column":1868},"end":{"line":12,"column":2150}},"53":{"start":{"line":12,"column":1970},"end":{"line":12,"column":1994}},"54":{"start":{"line":12,"column":2013},"end":{"line":12,"column":2038}},"55":{"start":{"line":12,"column":2077},"end":{"line":12,"column":2095}},"56":{"start":{"line":12,"column":2114},"end":{"line":12,"column":2146}},"57":{"start":{"line":12,"column":2153},"end":{"line":12,"column":2162}},"58":{"start":{"line":12,"column":2172},"end":{"line":12,"column":2435}},"59":{"start":{"line":12,"column":2263},"end":{"line":12,"column":2317}},"60":{"start":{"line":12,"column":2294},"end":{"line":12,"column":2313}},"61":{"start":{"line":12,"column":2320},"end":{"line":12,"column":2429}},"62":{"start":{"line":12,"column":2483},"end":{"line":12,"column":2484}},"63":{"start":{"line":12,"column":2486},"end":{"line":12,"column":3211}},"64":{"start":{"line":12,"column":2511},"end":{"line":12,"column":2568}},"65":{"start":{"line":12,"column":2524},"end":{"line":12,"column":2568}},"66":{"start":{"line":12,"column":2569},"end":{"line":12,"column":2644}},"67":{"start":{"line":12,"column":2584},"end":{"line":12,"column":2611}},"68":{"start":{"line":12,"column":2603},"end":{"line":12,"column":2611}},"69":{"start":{"line":12,"column":2612},"end":{"line":12,"column":2642}},"70":{"start":{"line":12,"column":2645},"end":{"line":12,"column":3208}},"71":{"start":{"line":12,"column":2687},"end":{"line":12,"column":2697}},"72":{"start":{"line":12,"column":2699},"end":{"line":12,"column":2788}},"73":{"start":{"line":12,"column":2716},"end":{"line":12,"column":2741}},"74":{"start":{"line":12,"column":2743},"end":{"line":12,"column":2786}},"75":{"start":{"line":12,"column":2752},"end":{"line":12,"column":2774}},"76":{"start":{"line":12,"column":2765},"end":{"line":12,"column":2774}},"77":{"start":{"line":12,"column":2775},"end":{"line":12,"column":2784}},"78":{"start":{"line":12,"column":2789},"end":{"line":12,"column":2991}},"79":{"start":{"line":12,"column":2814},"end":{"line":12,"column":2839}},"80":{"start":{"line":12,"column":2844},"end":{"line":12,"column":2991}},"81":{"start":{"line":12,"column":2872},"end":{"line":12,"column":2904}},"82":{"start":{"line":12,"column":2885},"end":{"line":12,"column":2904}},"83":{"start":{"line":12,"column":2905},"end":{"line":12,"column":2932}},"84":{"start":{"line":12,"column":2940},"end":{"line":12,"column":2991}},"85":{"start":{"line":12,"column":2992},"end":{"line":12,"column":2998}},"86":{"start":{"line":12,"column":3007},"end":{"line":12,"column":3024}},"87":{"start":{"line":12,"column":3026},"end":{"line":12,"column":3140}},"88":{"start":{"line":12,"column":3053},"end":{"line":12,"column":3099}},"89":{"start":{"line":12,"column":3090},"end":{"line":12,"column":3099}},"90":{"start":{"line":12,"column":3100},"end":{"line":12,"column":3138}},"91":{"start":{"line":12,"column":3141},"end":{"line":12,"column":3206}},"92":{"start":{"line":12,"column":3259},"end":{"line":12,"column":3267}},"93":{"start":{"line":12,"column":3273},"end":{"line":12,"column":3286}},"94":{"start":{"line":12,"column":3288},"end":{"line":12,"column":3572}},"95":{"start":{"line":12,"column":3301},"end":{"line":12,"column":3572}},"96":{"start":{"line":12,"column":3581},"end":{"line":12,"column":3611}},"97":{"start":{"line":12,"column":3613},"end":{"line":12,"column":3700}},"98":{"start":{"line":12,"column":3637},"end":{"line":12,"column":3700}},"99":{"start":{"line":12,"column":3709},"end":{"line":12,"column":3714}},"100":{"start":{"line":12,"column":3716},"end":{"line":12,"column":3971}},"101":{"start":{"line":12,"column":4009},"end":{"line":12,"column":4025}},"102":{"start":{"line":12,"column":4027},"end":{"line":12,"column":4134}},"103":{"start":{"line":12,"column":4173},"end":{"line":12,"column":4191}},"104":{"start":{"line":12,"column":4193},"end":{"line":12,"column":4243}},"105":{"start":{"line":12,"column":4268},"end":{"line":12,"column":4354}},"106":{"start":{"line":12,"column":4378},"end":{"line":12,"column":4699}},"107":{"start":{"line":12,"column":4407},"end":{"line":12,"column":4411}},"108":{"start":{"line":12,"column":4413},"end":{"line":12,"column":4437}},"109":{"start":{"line":12,"column":4420},"end":{"line":12,"column":4437}},"110":{"start":{"line":12,"column":4438},"end":{"line":12,"column":4480}},"111":{"start":{"line":12,"column":4471},"end":{"line":12,"column":4480}},"112":{"start":{"line":12,"column":4481},"end":{"line":12,"column":4697}},"113":{"start":{"line":12,"column":4513},"end":{"line":12,"column":4515}},"114":{"start":{"line":12,"column":4521},"end":{"line":12,"column":4675}},"115":{"start":{"line":12,"column":4539},"end":{"line":12,"column":4628}},"116":{"start":{"line":12,"column":4563},"end":{"line":12,"column":4628}},"117":{"start":{"line":12,"column":4581},"end":{"line":12,"column":4628}},"118":{"start":{"line":12,"column":4629},"end":{"line":12,"column":4673}},"119":{"start":{"line":12,"column":4677},"end":{"line":12,"column":4695}},"120":{"start":{"line":12,"column":4700},"end":{"line":12,"column":4753}},"121":{"start":{"line":12,"column":4756},"end":{"line":12,"column":9047}},"122":{"start":{"line":12,"column":5132},"end":{"line":12,"column":5171}},"123":{"start":{"line":12,"column":5173},"end":{"line":12,"column":5266}},"124":{"start":{"line":12,"column":5294},"end":{"line":12,"column":5493}},"125":{"start":{"line":12,"column":5522},"end":{"line":12,"column":5544}},"126":{"start":{"line":12,"column":5645},"end":{"line":12,"column":5657}},"127":{"start":{"line":12,"column":5732},"end":{"line":12,"column":5762}},"128":{"start":{"line":12,"column":5771},"end":{"line":12,"column":5809}},"129":{"start":{"line":12,"column":5811},"end":{"line":12,"column":5917}},"130":{"start":{"line":12,"column":5878},"end":{"line":12,"column":5913}},"131":{"start":{"line":12,"column":6001},"end":{"line":12,"column":6013}},"132":{"start":{"line":12,"column":6054},"end":{"line":12,"column":6082}},"133":{"start":{"line":12,"column":6119},"end":{"line":12,"column":6128}},"134":{"start":{"line":12,"column":6134},"end":{"line":12,"column":6136}},"135":{"start":{"line":12,"column":6138},"end":{"line":12,"column":6165}},"136":{"start":{"line":12,"column":6155},"end":{"line":12,"column":6165}},"137":{"start":{"line":12,"column":6166},"end":{"line":12,"column":6331}},"138":{"start":{"line":12,"column":6204},"end":{"line":12,"column":6299}},"139":{"start":{"line":12,"column":6232},"end":{"line":12,"column":6239}},"140":{"start":{"line":12,"column":6241},"end":{"line":12,"column":6297}},"141":{"start":{"line":12,"column":6253},"end":{"line":12,"column":6297}},"142":{"start":{"line":12,"column":6300},"end":{"line":12,"column":6328}},"143":{"start":{"line":12,"column":6425},"end":{"line":12,"column":6704}},"144":{"start":{"line":12,"column":6605},"end":{"line":12,"column":6704}},"145":{"start":{"line":12,"column":6625},"end":{"line":12,"column":6704}},"146":{"start":{"line":12,"column":6732},"end":{"line":12,"column":6747}},"147":{"start":{"line":12,"column":6756},"end":{"line":12,"column":6785}},"148":{"start":{"line":12,"column":6787},"end":{"line":12,"column":6823}},"149":{"start":{"line":12,"column":6811},"end":{"line":12,"column":6823}},"150":{"start":{"line":12,"column":6824},"end":{"line":12,"column":6841}},"151":{"start":{"line":12,"column":6896},"end":{"line":12,"column":6919}},"152":{"start":{"line":12,"column":6911},"end":{"line":12,"column":6919}},"153":{"start":{"line":12,"column":6928},"end":{"line":12,"column":6932}},"154":{"start":{"line":12,"column":6958},"end":{"line":12,"column":7047}},"155":{"start":{"line":12,"column":7050},"end":{"line":12,"column":7631}},"156":{"start":{"line":12,"column":7063},"end":{"line":12,"column":7089}},"157":{"start":{"line":12,"column":7114},"end":{"line":12,"column":7132}},"158":{"start":{"line":12,"column":7138},"end":{"line":12,"column":7150}},"159":{"start":{"line":12,"column":7152},"end":{"line":12,"column":7198}},"160":{"start":{"line":12,"column":7177},"end":{"line":12,"column":7198}},"161":{"start":{"line":12,"column":7199},"end":{"line":12,"column":7629}},"162":{"start":{"line":12,"column":7236},"end":{"line":12,"column":7257}},"163":{"start":{"line":12,"column":7263},"end":{"line":12,"column":7286}},"164":{"start":{"line":12,"column":7288},"end":{"line":12,"column":7627}},"165":{"start":{"line":12,"column":7302},"end":{"line":12,"column":7360}},"166":{"start":{"line":12,"column":7330},"end":{"line":12,"column":7360}},"167":{"start":{"line":12,"column":7361},"end":{"line":12,"column":7419}},"168":{"start":{"line":12,"column":7391},"end":{"line":12,"column":7419}},"169":{"start":{"line":12,"column":7427},"end":{"line":12,"column":7627}},"170":{"start":{"line":12,"column":7436},"end":{"line":12,"column":7494}},"171":{"start":{"line":12,"column":7464},"end":{"line":12,"column":7494}},"172":{"start":{"line":12,"column":7504},"end":{"line":12,"column":7566}},"173":{"start":{"line":12,"column":7512},"end":{"line":12,"column":7566}},"174":{"start":{"line":12,"column":7567},"end":{"line":12,"column":7625}},"175":{"start":{"line":12,"column":7597},"end":{"line":12,"column":7625}},"176":{"start":{"line":12,"column":7667},"end":{"line":12,"column":7856}},"177":{"start":{"line":12,"column":7680},"end":{"line":12,"column":7706}},"178":{"start":{"line":12,"column":7731},"end":{"line":12,"column":7749}},"179":{"start":{"line":12,"column":7751},"end":{"line":12,"column":7854}},"180":{"start":{"line":12,"column":7843},"end":{"line":12,"column":7844}},"181":{"start":{"line":12,"column":7846},"end":{"line":12,"column":7852}},"182":{"start":{"line":12,"column":7857},"end":{"line":12,"column":7950}},"183":{"start":{"line":12,"column":7959},"end":{"line":12,"column":7980}},"184":{"start":{"line":12,"column":7982},"end":{"line":12,"column":8087}},"185":{"start":{"line":12,"column":8127},"end":{"line":12,"column":8163}},"186":{"start":{"line":12,"column":8151},"end":{"line":12,"column":8163}},"187":{"start":{"line":12,"column":8164},"end":{"line":12,"column":8382}},"188":{"start":{"line":12,"column":8415},"end":{"line":12,"column":8593}},"189":{"start":{"line":12,"column":8428},"end":{"line":12,"column":8454}},"190":{"start":{"line":12,"column":8479},"end":{"line":12,"column":8497}},"191":{"start":{"line":12,"column":8499},"end":{"line":12,"column":8591}},"192":{"start":{"line":12,"column":8523},"end":{"line":12,"column":8591}},"193":{"start":{"line":12,"column":8627},"end":{"line":12,"column":8829}},"194":{"start":{"line":12,"column":8640},"end":{"line":12,"column":8666}},"195":{"start":{"line":12,"column":8691},"end":{"line":12,"column":8709}},"196":{"start":{"line":12,"column":8711},"end":{"line":12,"column":8827}},"197":{"start":{"line":12,"column":8741},"end":{"line":12,"column":8753}},"198":{"start":{"line":12,"column":8755},"end":{"line":12,"column":8815}},"199":{"start":{"line":12,"column":8789},"end":{"line":12,"column":8794}},"200":{"start":{"line":12,"column":8796},"end":{"line":12,"column":8813}},"201":{"start":{"line":12,"column":8816},"end":{"line":12,"column":8825}},"202":{"start":{"line":12,"column":8830},"end":{"line":12,"column":8867}},"203":{"start":{"line":12,"column":8920},"end":{"line":12,"column":9039}},"204":{"start":{"line":13,"column":51},"end":{"line":13,"column":120}},"205":{"start":{"line":13,"column":65},"end":{"line":13,"column":72}},"206":{"start":{"line":13,"column":78},"end":{"line":13,"column":85}},"207":{"start":{"line":13,"column":101},"end":{"line":13,"column":118}},"208":{"start":{"line":13,"column":121},"end":{"line":13,"column":167}},"209":{"start":{"line":14,"column":32},"end":{"line":14,"column":319}},"210":{"start":{"line":14,"column":61},"end":{"line":14,"column":65}},"211":{"start":{"line":14,"column":71},"end":{"line":14,"column":80}},"212":{"start":{"line":14,"column":82},"end":{"line":14,"column":316}},"213":{"start":{"line":14,"column":127},"end":{"line":14,"column":140}},"214":{"start":{"line":14,"column":162},"end":{"line":14,"column":216}},"215":{"start":{"line":14,"column":240},"end":{"line":14,"column":295}},"216":{"start":{"line":14,"column":298},"end":{"line":14,"column":312}},"217":{"start":{"line":15,"column":12},"end":{"line":15,"column":16}},"218":{"start":{"line":16,"column":15},"end":{"line":16,"column":41}},"219":{"start":{"line":17,"column":15},"end":{"line":17,"column":19}},"220":{"start":{"line":18,"column":26},"end":{"line":18,"column":30}},"221":{"start":{"line":23,"column":22},"end":{"line":23,"column":55}},"222":{"start":{"line":24,"column":2},"end":{"line":27,"column":3}},"223":{"start":{"line":25,"column":4},"end":{"line":25,"column":26}},"224":{"start":{"line":26,"column":4},"end":{"line":26,"column":16}},"225":{"start":{"line":30,"column":18},"end":{"line":30,"column":71}},"226":{"start":{"line":32,"column":2},"end":{"line":51,"column":3}},"227":{"start":{"line":33,"column":4},"end":{"line":33,"column":42}},"228":{"start":{"line":34,"column":4},"end":{"line":34,"column":24}},"229":{"start":{"line":35,"column":4},"end":{"line":35,"column":58}},"230":{"start":{"line":36,"column":4},"end":{"line":36,"column":96}},"231":{"start":{"line":38,"column":4},"end":{"line":38,"column":61}},"232":{"start":{"line":39,"column":4},"end":{"line":39,"column":45}},"233":{"start":{"line":40,"column":4},"end":{"line":40,"column":51}},"234":{"start":{"line":41,"column":4},"end":{"line":41,"column":36}},"235":{"start":{"line":42,"column":4},"end":{"line":42,"column":34}},"236":{"start":{"line":43,"column":4},"end":{"line":43,"column":37}},"237":{"start":{"line":44,"column":4},"end":{"line":44,"column":46}},"238":{"start":{"line":45,"column":4},"end":{"line":45,"column":16}},"239":{"start":{"line":48,"column":4},"end":{"line":48,"column":66}},"240":{"start":{"line":49,"column":4},"end":{"line":49,"column":17}},"241":{"start":{"line":50,"column":4},"end":{"line":50,"column":17}},"242":{"start":{"line":56,"column":2},"end":{"line":56,"column":53}},"243":{"start":{"line":59,"column":2},"end":{"line":206,"column":6}},"244":{"start":{"line":61,"column":4},"end":{"line":205,"column":16}},"245":{"start":{"line":62,"column":6},"end":{"line":204,"column":7}},"246":{"start":{"line":62,"column":16},"end":{"line":204,"column":7}},"247":{"start":{"line":64,"column":10},"end":{"line":64,"column":56}},"248":{"start":{"line":66,"column":10},"end":{"line":69,"column":11}},"249":{"start":{"line":67,"column":12},"end":{"line":67,"column":30}},"250":{"start":{"line":68,"column":12},"end":{"line":68,"column":18}},"251":{"start":{"line":70,"column":10},"end":{"line":70,"column":81}},"252":{"start":{"line":71,"column":10},"end":{"line":71,"column":43}},"253":{"start":{"line":76,"column":10},"end":{"line":76,"column":52}},"254":{"start":{"line":77,"column":10},"end":{"line":80,"column":11}},"255":{"start":{"line":78,"column":12},"end":{"line":78,"column":30}},"256":{"start":{"line":79,"column":12},"end":{"line":79,"column":18}},"257":{"start":{"line":81,"column":10},"end":{"line":81,"column":81}},"258":{"start":{"line":82,"column":10},"end":{"line":82,"column":43}},"259":{"start":{"line":84,"column":10},"end":{"line":84,"column":66}},"260":{"start":{"line":86,"column":10},"end":{"line":86,"column":109}},"261":{"start":{"line":88,"column":10},"end":{"line":88,"column":81}},"262":{"start":{"line":90,"column":10},"end":{"line":90,"column":59}},"263":{"start":{"line":91,"column":10},"end":{"line":91,"column":25}},"264":{"start":{"line":92,"column":10},"end":{"line":92,"column":28}},"265":{"start":{"line":93,"column":10},"end":{"line":93,"column":30}},"266":{"start":{"line":94,"column":10},"end":{"line":94,"column":34}},"267":{"start":{"line":95,"column":10},"end":{"line":95,"column":34}},"268":{"start":{"line":96,"column":10},"end":{"line":200,"column":11}},"269":{"start":{"line":97,"column":12},"end":{"line":99,"column":15}},"270":{"start":{"line":98,"column":14},"end":{"line":98,"column":47}},"271":{"start":{"line":100,"column":12},"end":{"line":100,"column":46}},"272":{"start":{"line":101,"column":12},"end":{"line":101,"column":59}},"273":{"start":{"line":102,"column":12},"end":{"line":102,"column":66}},"274":{"start":{"line":103,"column":12},"end":{"line":103,"column":84}},"275":{"start":{"line":106,"column":12},"end":{"line":106,"column":175}},"276":{"start":{"line":109,"column":12},"end":{"line":109,"column":51}},"277":{"start":{"line":110,"column":12},"end":{"line":110,"column":71}},"278":{"start":{"line":111,"column":12},"end":{"line":192,"column":15}},"279":{"start":{"line":112,"column":36},"end":{"line":112,"column":64}},"280":{"start":{"line":113,"column":30},"end":{"line":113,"column":60}},"281":{"start":{"line":114,"column":27},"end":{"line":114,"column":54}},"282":{"start":{"line":115,"column":29},"end":{"line":115,"column":47}},"283":{"start":{"line":116,"column":28},"end":{"line":116,"column":43}},"284":{"start":{"line":118,"column":14},"end":{"line":131,"column":15}},"285":{"start":{"line":119,"column":16},"end":{"line":124,"column":17}},"286":{"start":{"line":120,"column":29},"end":{"line":120,"column":49}},"287":{"start":{"line":121,"column":18},"end":{"line":121,"column":82}},"288":{"start":{"line":123,"column":18},"end":{"line":123,"column":31}},"289":{"start":{"line":126,"column":16},"end":{"line":126,"column":58}},"290":{"start":{"line":128,"column":16},"end":{"line":130,"column":19}},"291":{"start":{"line":132,"column":40},"end":{"line":132,"column":69}},"292":{"start":{"line":133,"column":14},"end":{"line":152,"column":15}},"293":{"start":{"line":134,"column":16},"end":{"line":134,"column":97}},"294":{"start":{"line":136,"column":16},"end":{"line":150,"column":17}},"295":{"start":{"line":137,"column":18},"end":{"line":147,"column":19}},"296":{"start":{"line":138,"column":34},"end":{"line":138,"column":54}},"297":{"start":{"line":139,"column":34},"end":{"line":139,"column":84}},"298":{"start":{"line":140,"column":20},"end":{"line":144,"column":21}},"299":{"start":{"line":141,"column":22},"end":{"line":141,"column":44}},"300":{"start":{"line":142,"column":27},"end":{"line":144,"column":21}},"301":{"start":{"line":143,"column":22},"end":{"line":143,"column":45}},"302":{"start":{"line":146,"column":20},"end":{"line":146,"column":54}},"303":{"start":{"line":146,"column":31},"end":{"line":146,"column":54}},"304":{"start":{"line":148,"column":23},"end":{"line":150,"column":17}},"305":{"start":{"line":149,"column":18},"end":{"line":149,"column":41}},"306":{"start":{"line":151,"column":16},"end":{"line":151,"column":23}},"307":{"start":{"line":154,"column":14},"end":{"line":154,"column":62}},"308":{"start":{"line":154,"column":25},"end":{"line":154,"column":62}},"309":{"start":{"line":155,"column":37},"end":{"line":155,"column":47}},"310":{"start":{"line":156,"column":14},"end":{"line":191,"column":17}},"311":{"start":{"line":164,"column":16},"end":{"line":164,"column":101}},"312":{"start":{"line":167,"column":35},"end":{"line":167,"column":68}},"313":{"start":{"line":168,"column":16},"end":{"line":171,"column":17}},"314":{"start":{"line":169,"column":18},"end":{"line":169,"column":79}},"315":{"start":{"line":170,"column":18},"end":{"line":170,"column":25}},"316":{"start":{"line":174,"column":16},"end":{"line":179,"column":17}},"317":{"start":{"line":176,"column":18},"end":{"line":176,"column":92}},"318":{"start":{"line":177,"column":18},"end":{"line":177,"column":75}},"319":{"start":{"line":178,"column":18},"end":{"line":178,"column":25}},"320":{"start":{"line":180,"column":16},"end":{"line":190,"column":17}},"321":{"start":{"line":181,"column":35},"end":{"line":181,"column":48}},"322":{"start":{"line":182,"column":18},"end":{"line":182,"column":81}},"323":{"start":{"line":184,"column":18},"end":{"line":184,"column":42}},"324":{"start":{"line":187,"column":33},"end":{"line":187,"column":76}},"325":{"start":{"line":188,"column":18},"end":{"line":188,"column":98}},"326":{"start":{"line":189,"column":18},"end":{"line":189,"column":72}},"327":{"start":{"line":194,"column":17},"end":{"line":200,"column":11}},"328":{"start":{"line":195,"column":12},"end":{"line":195,"column":88}},"329":{"start":{"line":196,"column":12},"end":{"line":199,"column":13}},"330":{"start":{"line":198,"column":14},"end":{"line":198,"column":37}},"331":{"start":{"line":203,"column":10},"end":{"line":203,"column":33}},"332":{"start":{"line":207,"column":2},"end":{"line":207,"column":53}},"333":{"start":{"line":212,"column":2},"end":{"line":212,"column":81}},"334":{"start":{"line":215,"column":21},"end":{"line":215,"column":54}},"335":{"start":{"line":216,"column":2},"end":{"line":219,"column":3}},"336":{"start":{"line":217,"column":4},"end":{"line":217,"column":58}},"337":{"start":{"line":218,"column":4},"end":{"line":218,"column":11}},"338":{"start":{"line":220,"column":2},"end":{"line":234,"column":3}},"339":{"start":{"line":221,"column":20},"end":{"line":221,"column":102}},"340":{"start":{"line":222,"column":17},"end":{"line":222,"column":101}},"341":{"start":{"line":223,"column":20},"end":{"line":223,"column":112}},"342":{"start":{"line":224,"column":4},"end":{"line":224,"column":55}},"343":{"start":{"line":226,"column":4},"end":{"line":226,"column":39}},"344":{"start":{"line":229,"column":4},"end":{"line":229,"column":110}},"345":{"start":{"line":230,"column":4},"end":{"line":233,"column":5}},"346":{"start":{"line":232,"column":6},"end":{"line":232,"column":59}},"347":{"start":{"line":240,"column":23},"end":{"line":273,"column":1}},"348":{"start":{"line":241,"column":2},"end":{"line":241,"column":54}},"349":{"start":{"line":243,"column":18},"end":{"line":243,"column":71}},"350":{"start":{"line":244,"column":2},"end":{"line":272,"column":3}},"351":{"start":{"line":246,"column":4},"end":{"line":266,"column":12}},"352":{"start":{"line":248,"column":29},"end":{"line":248,"column":82}},"353":{"start":{"line":249,"column":6},"end":{"line":252,"column":7}},"354":{"start":{"line":250,"column":8},"end":{"line":250,"column":74}},"355":{"start":{"line":251,"column":8},"end":{"line":251,"column":15}},"356":{"start":{"line":253,"column":6},"end":{"line":253,"column":65}},"357":{"start":{"line":254,"column":27},"end":{"line":254,"column":67}},"358":{"start":{"line":255,"column":6},"end":{"line":265,"column":7}},"359":{"start":{"line":256,"column":8},"end":{"line":256,"column":92}},"360":{"start":{"line":257,"column":8},"end":{"line":257,"column":30}},"361":{"start":{"line":259,"column":8},"end":{"line":259,"column":101}},"362":{"start":{"line":261,"column":27},"end":{"line":261,"column":60}},"363":{"start":{"line":262,"column":8},"end":{"line":264,"column":9}},"364":{"start":{"line":263,"column":10},"end":{"line":263,"column":40}},"365":{"start":{"line":269,"column":4},"end":{"line":269,"column":62}},"366":{"start":{"line":270,"column":4},"end":{"line":270,"column":40}},"367":{"start":{"line":270,"column":18},"end":{"line":270,"column":40}},"368":{"start":{"line":271,"column":4},"end":{"line":271,"column":17}},"369":{"start":{"line":278,"column":2},"end":{"line":284,"column":3}},"370":{"start":{"line":279,"column":4},"end":{"line":279,"column":26}},"371":{"start":{"line":280,"column":4},"end":{"line":280,"column":51}},"372":{"start":{"line":283,"column":4},"end":{"line":283,"column":54}},"373":{"start":{"line":285,"column":2},"end":{"line":285,"column":60}},"374":{"start":{"line":286,"column":26},"end":{"line":286,"column":31}},"375":{"start":{"line":290,"column":34},"end":{"line":290,"column":105}},"376":{"start":{"line":291,"column":2},"end":{"line":310,"column":3}},"377":{"start":{"line":292,"column":4},"end":{"line":292,"column":85}},"378":{"start":{"line":293,"column":4},"end":{"line":296,"column":7}},"379":{"start":{"line":297,"column":4},"end":{"line":297,"column":29}},"380":{"start":{"line":299,"column":4},"end":{"line":299,"column":143}},"381":{"start":{"line":301,"column":35},"end":{"line":301,"column":103}},"382":{"start":{"line":302,"column":4},"end":{"line":309,"column":5}},"383":{"start":{"line":303,"column":6},"end":{"line":303,"column":85}},"384":{"start":{"line":304,"column":6},"end":{"line":307,"column":9}},"385":{"start":{"line":308,"column":6},"end":{"line":308,"column":31}},"386":{"start":{"line":314,"column":28},"end":{"line":314,"column":106}},"387":{"start":{"line":315,"column":2},"end":{"line":328,"column":3}},"388":{"start":{"line":316,"column":4},"end":{"line":316,"column":73}},"389":{"start":{"line":318,"column":4},"end":{"line":322,"column":7}},"390":{"start":{"line":325,"column":4},"end":{"line":325,"column":29}},"391":{"start":{"line":327,"column":4},"end":{"line":327,"column":53}},"392":{"start":{"line":332,"column":2},"end":{"line":341,"column":3}},"393":{"start":{"line":333,"column":4},"end":{"line":333,"column":95}},"394":{"start":{"line":335,"column":4},"end":{"line":338,"column":7}},"395":{"start":{"line":340,"column":4},"end":{"line":340,"column":48}},"396":{"start":{"line":347,"column":2},"end":{"line":347,"column":45}},"397":{"start":{"line":349,"column":2},"end":{"line":374,"column":3}},"398":{"start":{"line":351,"column":21},"end":{"line":351,"column":50}},"399":{"start":{"line":352,"column":22},"end":{"line":352,"column":78}},"400":{"start":{"line":353,"column":4},"end":{"line":369,"column":7}},"401":{"start":{"line":354,"column":26},"end":{"line":354,"column":60}},"402":{"start":{"line":355,"column":23},"end":{"line":355,"column":54}},"403":{"start":{"line":356,"column":25},"end":{"line":356,"column":51}},"404":{"start":{"line":357,"column":24},"end":{"line":357,"column":47}},"405":{"start":{"line":358,"column":6},"end":{"line":365,"column":7}},"406":{"start":{"line":359,"column":8},"end":{"line":364,"column":28}},"407":{"start":{"line":360,"column":25},"end":{"line":360,"column":49}},"408":{"start":{"line":361,"column":10},"end":{"line":363,"column":11}},"409":{"start":{"line":362,"column":12},"end":{"line":362,"column":38}},"410":{"start":{"line":367,"column":6},"end":{"line":367,"column":28}},"411":{"start":{"line":368,"column":6},"end":{"line":368,"column":23}},"412":{"start":{"line":372,"column":4},"end":{"line":372,"column":75}},"413":{"start":{"line":373,"column":4},"end":{"line":373,"column":33}},"414":{"start":{"line":379,"column":14},"end":{"line":379,"column":85}},"415":{"start":{"line":380,"column":2},"end":{"line":380,"column":36}},"416":{"start":{"line":381,"column":2},"end":{"line":381,"column":65}},"417":{"start":{"line":387,"column":0},"end":{"line":390,"column":3}},"418":{"start":{"line":388,"column":2},"end":{"line":388,"column":43}},"419":{"start":{"line":389,"column":2},"end":{"line":389,"column":27}},"420":{"start":{"line":391,"column":0},"end":{"line":394,"column":3}},"421":{"start":{"line":392,"column":2},"end":{"line":392,"column":45}},"422":{"start":{"line":393,"column":2},"end":{"line":393,"column":27}},"423":{"start":{"line":397,"column":24},"end":{"line":397,"column":41}},"424":{"start":{"line":398,"column":0},"end":{"line":403,"column":2}},"425":{"start":{"line":399,"column":15},"end":{"line":399,"column":55}},"426":{"start":{"line":400,"column":2},"end":{"line":400,"column":47}},"427":{"start":{"line":401,"column":2},"end":{"line":401,"column":52}},"428":{"start":{"line":402,"column":2},"end":{"line":402,"column":16}},"429":{"start":{"line":404,"column":27},"end":{"line":404,"column":47}},"430":{"start":{"line":405,"column":0},"end":{"line":410,"column":2}},"431":{"start":{"line":406,"column":15},"end":{"line":406,"column":58}},"432":{"start":{"line":407,"column":2},"end":{"line":407,"column":50}},"433":{"start":{"line":408,"column":2},"end":{"line":408,"column":52}},"434":{"start":{"line":409,"column":2},"end":{"line":409,"column":16}},"435":{"start":{"line":413,"column":0},"end":{"line":416,"column":3}},"436":{"start":{"line":414,"column":2},"end":{"line":414,"column":40}},"437":{"start":{"line":415,"column":2},"end":{"line":415,"column":27}},"438":{"start":{"line":417,"column":0},"end":{"line":420,"column":3}},"439":{"start":{"line":418,"column":2},"end":{"line":418,"column":43}},"440":{"start":{"line":419,"column":2},"end":{"line":419,"column":27}},"441":{"start":{"line":423,"column":0},"end":{"line":426,"column":3}},"442":{"start":{"line":424,"column":2},"end":{"line":424,"column":45}},"443":{"start":{"line":425,"column":2},"end":{"line":425,"column":27}},"444":{"start":{"line":430,"column":0},"end":{"line":437,"column":1}},"445":{"start":{"line":431,"column":2},"end":{"line":433,"column":5}},"446":{"start":{"line":432,"column":4},"end":{"line":432,"column":40}},"447":{"start":{"line":436,"column":2},"end":{"line":436,"column":31}},"448":{"start":{"line":438,"column":0},"end":{"line":438,"column":50}},"449":{"start":{"line":441,"column":0},"end":{"line":446,"column":3}},"450":{"start":{"line":442,"column":2},"end":{"line":445,"column":3}},"451":{"start":{"line":443,"column":4},"end":{"line":443,"column":74}},"452":{"start":{"line":444,"column":4},"end":{"line":444,"column":29}}},"fnMap":{"0":{"name":"_interopRequireDefault","decl":{"start":{"line":10,"column":9},"end":{"line":10,"column":31}},"loc":{"start":{"line":10,"column":35},"end":{"line":10,"column":87}},"line":10},"1":{"name":"_typeof","decl":{"start":{"line":11,"column":9},"end":{"line":11,"column":16}},"loc":{"start":{"line":11,"column":20},"end":{"line":11,"column":318}},"line":11},"2":{"name":"(anonymous_2)","decl":{"start":{"line":11,"column":134},"end":{"line":11,"column":135}},"loc":{"start":{"line":11,"column":147},"end":{"line":11,"column":167}},"line":11},"3":{"name":"(anonymous_3)","decl":{"start":{"line":11,"column":170},"end":{"line":11,"column":171}},"loc":{"start":{"line":11,"column":183},"end":{"line":11,"column":303}},"line":11},"4":{"name":"_regeneratorRuntime","decl":{"start":{"line":12,"column":9},"end":{"line":12,"column":28}},"loc":{"start":{"line":12,"column":31},"end":{"line":12,"column":9049}},"line":12},"5":{"name":"_regeneratorRuntime","decl":{"start":{"line":12,"column":227},"end":{"line":12,"column":246}},"loc":{"start":{"line":12,"column":249},"end":{"line":12,"column":262}},"line":12},"6":{"name":"(anonymous_6)","decl":{"start":{"line":12,"column":352},"end":{"line":12,"column":353}},"loc":{"start":{"line":12,"column":371},"end":{"line":12,"column":390}},"line":12},"7":{"name":"define","decl":{"start":{"line":12,"column":560},"end":{"line":12,"column":566}},"loc":{"start":{"line":12,"column":576},"end":{"line":12,"column":683}},"line":12},"8":{"name":"define","decl":{"start":{"line":12,"column":738},"end":{"line":12,"column":744}},"loc":{"start":{"line":12,"column":754},"end":{"line":12,"column":774}},"line":12},"9":{"name":"wrap","decl":{"start":{"line":12,"column":787},"end":{"line":12,"column":791}},"loc":{"start":{"line":12,"column":804},"end":{"line":12,"column":993}},"line":12},"10":{"name":"tryCatch","decl":{"start":{"line":12,"column":1003},"end":{"line":12,"column":1011}},"loc":{"start":{"line":12,"column":1021},"end":{"line":12,"column":1126}},"line":12},"11":{"name":"Generator","decl":{"start":{"line":12,"column":1241},"end":{"line":12,"column":1250}},"loc":{"start":{"line":12,"column":1253},"end":{"line":12,"column":1255}},"line":12},"12":{"name":"GeneratorFunction","decl":{"start":{"line":12,"column":1265},"end":{"line":12,"column":1282}},"loc":{"start":{"line":12,"column":1285},"end":{"line":12,"column":1287}},"line":12},"13":{"name":"GeneratorFunctionPrototype","decl":{"start":{"line":12,"column":1297},"end":{"line":12,"column":1323}},"loc":{"start":{"line":12,"column":1326},"end":{"line":12,"column":1328}},"line":12},"14":{"name":"(anonymous_14)","decl":{"start":{"line":12,"column":1354},"end":{"line":12,"column":1355}},"loc":{"start":{"line":12,"column":1366},"end":{"line":12,"column":1382}},"line":12},"15":{"name":"defineIteratorMethods","decl":{"start":{"line":12,"column":1580},"end":{"line":12,"column":1601}},"loc":{"start":{"line":12,"column":1605},"end":{"line":12,"column":1722}},"line":12},"16":{"name":"(anonymous_16)","decl":{"start":{"line":12,"column":1643},"end":{"line":12,"column":1644}},"loc":{"start":{"line":12,"column":1656},"end":{"line":12,"column":1718}},"line":12},"17":{"name":"(anonymous_17)","decl":{"start":{"line":12,"column":1671},"end":{"line":12,"column":1672}},"loc":{"start":{"line":12,"column":1684},"end":{"line":12,"column":1714}},"line":12},"18":{"name":"AsyncIterator","decl":{"start":{"line":12,"column":1732},"end":{"line":12,"column":1745}},"loc":{"start":{"line":12,"column":1752},"end":{"line":12,"column":2437}},"line":12},"19":{"name":"invoke","decl":{"start":{"line":12,"column":1763},"end":{"line":12,"column":1769}},"loc":{"start":{"line":12,"column":1782},"end":{"line":12,"column":2164}},"line":12},"20":{"name":"(anonymous_20)","decl":{"start":{"line":12,"column":1955},"end":{"line":12,"column":1956}},"loc":{"start":{"line":12,"column":1968},"end":{"line":12,"column":1996}},"line":12},"21":{"name":"(anonymous_21)","decl":{"start":{"line":12,"column":1998},"end":{"line":12,"column":1999}},"loc":{"start":{"line":12,"column":2011},"end":{"line":12,"column":2040}},"line":12},"22":{"name":"(anonymous_22)","decl":{"start":{"line":12,"column":2062},"end":{"line":12,"column":2063}},"loc":{"start":{"line":12,"column":2075},"end":{"line":12,"column":2097}},"line":12},"23":{"name":"(anonymous_23)","decl":{"start":{"line":12,"column":2099},"end":{"line":12,"column":2100}},"loc":{"start":{"line":12,"column":2112},"end":{"line":12,"column":2148}},"line":12},"24":{"name":"value","decl":{"start":{"line":12,"column":2209},"end":{"line":12,"column":2214}},"loc":{"start":{"line":12,"column":2221},"end":{"line":12,"column":2431}},"line":12},"25":{"name":"callInvokeWithMethodAndArg","decl":{"start":{"line":12,"column":2232},"end":{"line":12,"column":2258}},"loc":{"start":{"line":12,"column":2261},"end":{"line":12,"column":2319}},"line":12},"26":{"name":"(anonymous_26)","decl":{"start":{"line":12,"column":2276},"end":{"line":12,"column":2277}},"loc":{"start":{"line":12,"column":2292},"end":{"line":12,"column":2315}},"line":12},"27":{"name":"makeInvokeMethod","decl":{"start":{"line":12,"column":2447},"end":{"line":12,"column":2463}},"loc":{"start":{"line":12,"column":2473},"end":{"line":12,"column":3213}},"line":12},"28":{"name":"(anonymous_28)","decl":{"start":{"line":12,"column":2493},"end":{"line":12,"column":2494}},"loc":{"start":{"line":12,"column":2509},"end":{"line":12,"column":3210}},"line":12},"29":{"name":"maybeInvokeDelegate","decl":{"start":{"line":12,"column":3223},"end":{"line":12,"column":3242}},"loc":{"start":{"line":12,"column":3249},"end":{"line":12,"column":3973}},"line":12},"30":{"name":"pushTryEntry","decl":{"start":{"line":12,"column":3983},"end":{"line":12,"column":3995}},"loc":{"start":{"line":12,"column":3999},"end":{"line":12,"column":4136}},"line":12},"31":{"name":"resetTryEntry","decl":{"start":{"line":12,"column":4146},"end":{"line":12,"column":4159}},"loc":{"start":{"line":12,"column":4163},"end":{"line":12,"column":4245}},"line":12},"32":{"name":"Context","decl":{"start":{"line":12,"column":4255},"end":{"line":12,"column":4262}},"loc":{"start":{"line":12,"column":4266},"end":{"line":12,"column":4356}},"line":12},"33":{"name":"values","decl":{"start":{"line":12,"column":4366},"end":{"line":12,"column":4372}},"loc":{"start":{"line":12,"column":4376},"end":{"line":12,"column":4755}},"line":12},"34":{"name":"next","decl":{"start":{"line":12,"column":4530},"end":{"line":12,"column":4534}},"loc":{"start":{"line":12,"column":4537},"end":{"line":12,"column":4675}},"line":12},"35":{"name":"(anonymous_35)","decl":{"start":{"line":12,"column":5109},"end":{"line":12,"column":5110}},"loc":{"start":{"line":12,"column":5122},"end":{"line":12,"column":5268}},"line":12},"36":{"name":"(anonymous_36)","decl":{"start":{"line":12,"column":5279},"end":{"line":12,"column":5280}},"loc":{"start":{"line":12,"column":5292},"end":{"line":12,"column":5495}},"line":12},"37":{"name":"(anonymous_37)","decl":{"start":{"line":12,"column":5507},"end":{"line":12,"column":5508}},"loc":{"start":{"line":12,"column":5520},"end":{"line":12,"column":5546}},"line":12},"38":{"name":"(anonymous_38)","decl":{"start":{"line":12,"column":5631},"end":{"line":12,"column":5632}},"loc":{"start":{"line":12,"column":5643},"end":{"line":12,"column":5659}},"line":12},"39":{"name":"(anonymous_39)","decl":{"start":{"line":12,"column":5705},"end":{"line":12,"column":5706}},"loc":{"start":{"line":12,"column":5730},"end":{"line":12,"column":5919}},"line":12},"40":{"name":"(anonymous_40)","decl":{"start":{"line":12,"column":5863},"end":{"line":12,"column":5864}},"loc":{"start":{"line":12,"column":5876},"end":{"line":12,"column":5915}},"line":12},"41":{"name":"(anonymous_41)","decl":{"start":{"line":12,"column":5987},"end":{"line":12,"column":5988}},"loc":{"start":{"line":12,"column":5999},"end":{"line":12,"column":6015}},"line":12},"42":{"name":"(anonymous_42)","decl":{"start":{"line":12,"column":6040},"end":{"line":12,"column":6041}},"loc":{"start":{"line":12,"column":6052},"end":{"line":12,"column":6084}},"line":12},"43":{"name":"(anonymous_43)","decl":{"start":{"line":12,"column":6096},"end":{"line":12,"column":6097}},"loc":{"start":{"line":12,"column":6109},"end":{"line":12,"column":6333}},"line":12},"44":{"name":"next","decl":{"start":{"line":12,"column":6195},"end":{"line":12,"column":6199}},"loc":{"start":{"line":12,"column":6202},"end":{"line":12,"column":6330}},"line":12},"45":{"name":"reset","decl":{"start":{"line":12,"column":6414},"end":{"line":12,"column":6419}},"loc":{"start":{"line":12,"column":6423},"end":{"line":12,"column":6706}},"line":12},"46":{"name":"stop","decl":{"start":{"line":12,"column":6723},"end":{"line":12,"column":6727}},"loc":{"start":{"line":12,"column":6730},"end":{"line":12,"column":6843}},"line":12},"47":{"name":"dispatchException","decl":{"start":{"line":12,"column":6873},"end":{"line":12,"column":6890}},"loc":{"start":{"line":12,"column":6894},"end":{"line":12,"column":7633}},"line":12},"48":{"name":"handle","decl":{"start":{"line":12,"column":6943},"end":{"line":12,"column":6949}},"loc":{"start":{"line":12,"column":6956},"end":{"line":12,"column":7049}},"line":12},"49":{"name":"abrupt","decl":{"start":{"line":12,"column":7652},"end":{"line":12,"column":7658}},"loc":{"start":{"line":12,"column":7665},"end":{"line":12,"column":8089}},"line":12},"50":{"name":"complete","decl":{"start":{"line":12,"column":8110},"end":{"line":12,"column":8118}},"loc":{"start":{"line":12,"column":8125},"end":{"line":12,"column":8384}},"line":12},"51":{"name":"finish","decl":{"start":{"line":12,"column":8403},"end":{"line":12,"column":8409}},"loc":{"start":{"line":12,"column":8413},"end":{"line":12,"column":8595}},"line":12},"52":{"name":"_catch","decl":{"start":{"line":12,"column":8615},"end":{"line":12,"column":8621}},"loc":{"start":{"line":12,"column":8625},"end":{"line":12,"column":8869}},"line":12},"53":{"name":"delegateYield","decl":{"start":{"line":12,"column":8895},"end":{"line":12,"column":8908}},"loc":{"start":{"line":12,"column":8918},"end":{"line":12,"column":9041}},"line":12},"54":{"name":"asyncGeneratorStep","decl":{"start":{"line":13,"column":9},"end":{"line":13,"column":27}},"loc":{"start":{"line":13,"column":49},"end":{"line":13,"column":169}},"line":13},"55":{"name":"_asyncToGenerator","decl":{"start":{"line":14,"column":9},"end":{"line":14,"column":26}},"loc":{"start":{"line":14,"column":30},"end":{"line":14,"column":321}},"line":14},"56":{"name":"(anonymous_56)","decl":{"start":{"line":14,"column":39},"end":{"line":14,"column":40}},"loc":{"start":{"line":14,"column":51},"end":{"line":14,"column":318}},"line":14},"57":{"name":"(anonymous_57)","decl":{"start":{"line":14,"column":101},"end":{"line":14,"column":102}},"loc":{"start":{"line":14,"column":117},"end":{"line":14,"column":314}},"line":14},"58":{"name":"_next","decl":{"start":{"line":14,"column":151},"end":{"line":14,"column":156}},"loc":{"start":{"line":14,"column":160},"end":{"line":14,"column":218}},"line":14},"59":{"name":"_throw","decl":{"start":{"line":14,"column":228},"end":{"line":14,"column":234}},"loc":{"start":{"line":14,"column":238},"end":{"line":14,"column":297}},"line":14},"60":{"name":"ensureBadgeExists","decl":{"start":{"line":21,"column":9},"end":{"line":21,"column":26}},"loc":{"start":{"line":21,"column":29},"end":{"line":52,"column":1}},"line":21},"61":{"name":"findAndLogResponses","decl":{"start":{"line":55,"column":9},"end":{"line":55,"column":28}},"loc":{"start":{"line":55,"column":31},"end":{"line":57,"column":1}},"line":55},"62":{"name":"_findAndLogResponses","decl":{"start":{"line":58,"column":9},"end":{"line":58,"column":29}},"loc":{"start":{"line":58,"column":32},"end":{"line":208,"column":1}},"line":58},"63":{"name":"_callee","decl":{"start":{"line":59,"column":92},"end":{"line":59,"column":99}},"loc":{"start":{"line":59,"column":102},"end":{"line":206,"column":3}},"line":59},"64":{"name":"_callee$","decl":{"start":{"line":61,"column":47},"end":{"line":61,"column":55}},"loc":{"start":{"line":61,"column":66},"end":{"line":205,"column":5}},"line":61},"65":{"name":"(anonymous_65)","decl":{"start":{"line":97,"column":50},"end":{"line":97,"column":51}},"loc":{"start":{"line":97,"column":69},"end":{"line":99,"column":13}},"line":97},"66":{"name":"(anonymous_66)","decl":{"start":{"line":111,"column":97},"end":{"line":111,"column":98}},"loc":{"start":{"line":111,"column":115},"end":{"line":192,"column":13}},"line":111},"67":{"name":"(anonymous_67)","decl":{"start":{"line":118,"column":62},"end":{"line":118,"column":63}},"loc":{"start":{"line":118,"column":74},"end":{"line":125,"column":15}},"line":118},"68":{"name":"(anonymous_68)","decl":{"start":{"line":162,"column":17},"end":{"line":162,"column":18}},"loc":{"start":{"line":162,"column":37},"end":{"line":191,"column":15}},"line":162},"69":{"name":"updateBadge","decl":{"start":{"line":209,"column":9},"end":{"line":209,"column":20}},"loc":{"start":{"line":209,"column":33},"end":{"line":235,"column":1}},"line":209},"70":{"name":"mutationCallback","decl":{"start":{"line":240,"column":32},"end":{"line":240,"column":48}},"loc":{"start":{"line":240,"column":69},"end":{"line":273,"column":1}},"line":240},"71":{"name":"(anonymous_71)","decl":{"start":{"line":246,"column":15},"end":{"line":246,"column":16}},"loc":{"start":{"line":246,"column":27},"end":{"line":266,"column":5}},"line":246},"72":{"name":"setupObservers","decl":{"start":{"line":276,"column":9},"end":{"line":276,"column":23}},"loc":{"start":{"line":276,"column":26},"end":{"line":342,"column":1}},"line":276},"73":{"name":"initializeChattometer","decl":{"start":{"line":346,"column":9},"end":{"line":346,"column":30}},"loc":{"start":{"line":346,"column":33},"end":{"line":375,"column":1}},"line":346},"74":{"name":"(anonymous_74)","decl":{"start":{"line":353,"column":70},"end":{"line":353,"column":71}},"loc":{"start":{"line":353,"column":92},"end":{"line":369,"column":5}},"line":353},"75":{"name":"scheduleInitialization","decl":{"start":{"line":378,"column":9},"end":{"line":378,"column":31}},"loc":{"start":{"line":378,"column":34},"end":{"line":382,"column":1}},"line":378},"76":{"name":"(anonymous_76)","decl":{"start":{"line":387,"column":36},"end":{"line":387,"column":37}},"loc":{"start":{"line":387,"column":48},"end":{"line":390,"column":1}},"line":387},"77":{"name":"(anonymous_77)","decl":{"start":{"line":391,"column":38},"end":{"line":391,"column":39}},"loc":{"start":{"line":391,"column":50},"end":{"line":394,"column":1}},"line":391},"78":{"name":"(anonymous_78)","decl":{"start":{"line":398,"column":20},"end":{"line":398,"column":21}},"loc":{"start":{"line":398,"column":32},"end":{"line":403,"column":1}},"line":398},"79":{"name":"(anonymous_79)","decl":{"start":{"line":405,"column":23},"end":{"line":405,"column":24}},"loc":{"start":{"line":405,"column":35},"end":{"line":410,"column":1}},"line":405},"80":{"name":"(anonymous_80)","decl":{"start":{"line":413,"column":37},"end":{"line":413,"column":38}},"loc":{"start":{"line":413,"column":49},"end":{"line":416,"column":1}},"line":413},"81":{"name":"(anonymous_81)","decl":{"start":{"line":417,"column":40},"end":{"line":417,"column":41}},"loc":{"start":{"line":417,"column":52},"end":{"line":420,"column":1}},"line":417},"82":{"name":"(anonymous_82)","decl":{"start":{"line":423,"column":42},"end":{"line":423,"column":43}},"loc":{"start":{"line":423,"column":54},"end":{"line":426,"column":1}},"line":423},"83":{"name":"(anonymous_83)","decl":{"start":{"line":431,"column":48},"end":{"line":431,"column":49}},"loc":{"start":{"line":431,"column":60},"end":{"line":433,"column":3}},"line":431},"84":{"name":"(anonymous_84)","decl":{"start":{"line":441,"column":37},"end":{"line":441,"column":38}},"loc":{"start":{"line":441,"column":78},"end":{"line":446,"column":1}},"line":441}},"branchMap":{"0":{"loc":{"start":{"line":10,"column":44},"end":{"line":10,"column":84}},"type":"cond-expr","locations":[{"start":{"line":10,"column":64},"end":{"line":10,"column":65}},{"start":{"line":10,"column":68},"end":{"line":10,"column":84}}],"line":10},"1":{"loc":{"start":{"line":10,"column":44},"end":{"line":10,"column":61}},"type":"binary-expr","locations":[{"start":{"line":10,"column":44},"end":{"line":10,"column":45}},{"start":{"line":10,"column":49},"end":{"line":10,"column":61}}],"line":10},"2":{"loc":{"start":{"line":11,"column":66},"end":{"line":11,"column":303}},"type":"cond-expr","locations":[{"start":{"line":11,"column":134},"end":{"line":11,"column":167}},{"start":{"line":11,"column":170},"end":{"line":11,"column":303}}],"line":11},"3":{"loc":{"start":{"line":11,"column":66},"end":{"line":11,"column":131}},"type":"binary-expr","locations":[{"start":{"line":11,"column":66},"end":{"line":11,"column":93}},{"start":{"line":11,"column":97},"end":{"line":11,"column":131}}],"line":11},"4":{"loc":{"start":{"line":11,"column":192},"end":{"line":11,"column":300}},"type":"cond-expr","locations":[{"start":{"line":11,"column":281},"end":{"line":11,"column":289}},{"start":{"line":11,"column":292},"end":{"line":11,"column":300}}],"line":11},"5":{"loc":{"start":{"line":11,"column":192},"end":{"line":11,"column":278}},"type":"binary-expr","locations":[{"start":{"line":11,"column":192},"end":{"line":11,"column":193}},{"start":{"line":11,"column":197},"end":{"line":11,"column":224}},{"start":{"line":11,"column":228},"end":{"line":11,"column":252}},{"start":{"line":11,"column":256},"end":{"line":11,"column":278}}],"line":11},"6":{"loc":{"start":{"line":12,"column":327},"end":{"line":12,"column":390}},"type":"binary-expr","locations":[{"start":{"line":12,"column":327},"end":{"line":12,"column":348}},{"start":{"line":12,"column":352},"end":{"line":12,"column":390}}],"line":12},"7":{"loc":{"start":{"line":12,"column":396},"end":{"line":12,"column":437}},"type":"cond-expr","locations":[{"start":{"line":12,"column":426},"end":{"line":12,"column":432}},{"start":{"line":12,"column":435},"end":{"line":12,"column":437}}],"line":12},"8":{"loc":{"start":{"line":12,"column":443},"end":{"line":12,"column":469}},"type":"binary-expr","locations":[{"start":{"line":12,"column":443},"end":{"line":12,"column":453}},{"start":{"line":12,"column":457},"end":{"line":12,"column":469}}],"line":12},"9":{"loc":{"start":{"line":12,"column":475},"end":{"line":12,"column":511}},"type":"binary-expr","locations":[{"start":{"line":12,"column":475},"end":{"line":12,"column":490}},{"start":{"line":12,"column":494},"end":{"line":12,"column":511}}],"line":12},"10":{"loc":{"start":{"line":12,"column":517},"end":{"line":12,"column":549}},"type":"binary-expr","locations":[{"start":{"line":12,"column":517},"end":{"line":12,"column":530}},{"start":{"line":12,"column":534},"end":{"line":12,"column":549}}],"line":12},"11":{"loc":{"start":{"line":12,"column":814},"end":{"line":12,"column":867}},"type":"cond-expr","locations":[{"start":{"line":12,"column":854},"end":{"line":12,"column":855}},{"start":{"line":12,"column":858},"end":{"line":12,"column":867}}],"line":12},"12":{"loc":{"start":{"line":12,"column":814},"end":{"line":12,"column":851}},"type":"binary-expr","locations":[{"start":{"line":12,"column":814},"end":{"line":12,"column":815}},{"start":{"line":12,"column":819},"end":{"line":12,"column":851}}],"line":12},"13":{"loc":{"start":{"line":12,"column":917},"end":{"line":12,"column":924}},"type":"binary-expr","locations":[{"start":{"line":12,"column":917},"end":{"line":12,"column":918}},{"start":{"line":12,"column":922},"end":{"line":12,"column":924}}],"line":12},"14":{"loc":{"start":{"line":12,"column":1420},"end":{"line":12,"column":1441}},"type":"binary-expr","locations":[{"start":{"line":12,"column":1420},"end":{"line":12,"column":1421}},{"start":{"line":12,"column":1425},"end":{"line":12,"column":1441}}],"line":12},"15":{"loc":{"start":{"line":12,"column":1443},"end":{"line":12,"column":1482}},"type":"binary-expr","locations":[{"start":{"line":12,"column":1443},"end":{"line":12,"column":1444}},{"start":{"line":12,"column":1448},"end":{"line":12,"column":1455}},{"start":{"line":12,"column":1459},"end":{"line":12,"column":1471}},{"start":{"line":12,"column":1476},"end":{"line":12,"column":1481}}],"line":12},"16":{"loc":{"start":{"line":12,"column":1814},"end":{"line":12,"column":2152}},"type":"if","locations":[{"start":{"line":12,"column":1814},"end":{"line":12,"column":2152}},{"start":{"line":12,"column":1814},"end":{"line":12,"column":2152}}],"line":12},"17":{"loc":{"start":{"line":12,"column":1875},"end":{"line":12,"column":2149}},"type":"cond-expr","locations":[{"start":{"line":12,"column":1929},"end":{"line":12,"column":2041}},{"start":{"line":12,"column":2044},"end":{"line":12,"column":2149}}],"line":12},"18":{"loc":{"start":{"line":12,"column":1875},"end":{"line":12,"column":1926}},"type":"binary-expr","locations":[{"start":{"line":12,"column":1875},"end":{"line":12,"column":1876}},{"start":{"line":12,"column":1880},"end":{"line":12,"column":1902}},{"start":{"line":12,"column":1906},"end":{"line":12,"column":1926}}],"line":12},"19":{"loc":{"start":{"line":12,"column":2331},"end":{"line":12,"column":2428}},"type":"cond-expr","locations":[{"start":{"line":12,"column":2335},"end":{"line":12,"column":2397}},{"start":{"line":12,"column":2400},"end":{"line":12,"column":2428}}],"line":12},"20":{"loc":{"start":{"line":12,"column":2511},"end":{"line":12,"column":2568}},"type":"if","locations":[{"start":{"line":12,"column":2511},"end":{"line":12,"column":2568}},{"start":{"line":12,"column":2511},"end":{"line":12,"column":2568}}],"line":12},"21":{"loc":{"start":{"line":12,"column":2569},"end":{"line":12,"column":2644}},"type":"if","locations":[{"start":{"line":12,"column":2569},"end":{"line":12,"column":2644}},{"start":{"line":12,"column":2569},"end":{"line":12,"column":2644}}],"line":12},"22":{"loc":{"start":{"line":12,"column":2584},"end":{"line":12,"column":2611}},"type":"if","locations":[{"start":{"line":12,"column":2584},"end":{"line":12,"column":2611}},{"start":{"line":12,"column":2584},"end":{"line":12,"column":2611}}],"line":12},"23":{"loc":{"start":{"line":12,"column":2699},"end":{"line":12,"column":2788}},"type":"if","locations":[{"start":{"line":12,"column":2699},"end":{"line":12,"column":2788}},{"start":{"line":12,"column":2699},"end":{"line":12,"column":2788}}],"line":12},"24":{"loc":{"start":{"line":12,"column":2743},"end":{"line":12,"column":2786}},"type":"if","locations":[{"start":{"line":12,"column":2743},"end":{"line":12,"column":2786}},{"start":{"line":12,"column":2743},"end":{"line":12,"column":2786}}],"line":12},"25":{"loc":{"start":{"line":12,"column":2752},"end":{"line":12,"column":2774}},"type":"if","locations":[{"start":{"line":12,"column":2752},"end":{"line":12,"column":2774}},{"start":{"line":12,"column":2752},"end":{"line":12,"column":2774}}],"line":12},"26":{"loc":{"start":{"line":12,"column":2789},"end":{"line":12,"column":2991}},"type":"if","locations":[{"start":{"line":12,"column":2789},"end":{"line":12,"column":2991}},{"start":{"line":12,"column":2789},"end":{"line":12,"column":2991}}],"line":12},"27":{"loc":{"start":{"line":12,"column":2844},"end":{"line":12,"column":2991}},"type":"if","locations":[{"start":{"line":12,"column":2844},"end":{"line":12,"column":2991}},{"start":{"line":12,"column":2844},"end":{"line":12,"column":2991}}],"line":12},"28":{"loc":{"start":{"line":12,"column":2872},"end":{"line":12,"column":2904}},"type":"if","locations":[{"start":{"line":12,"column":2872},"end":{"line":12,"column":2904}},{"start":{"line":12,"column":2872},"end":{"line":12,"column":2904}}],"line":12},"29":{"loc":{"start":{"line":12,"column":2940},"end":{"line":12,"column":2990}},"type":"binary-expr","locations":[{"start":{"line":12,"column":2940},"end":{"line":12,"column":2961}},{"start":{"line":12,"column":2965},"end":{"line":12,"column":2990}}],"line":12},"30":{"loc":{"start":{"line":12,"column":3026},"end":{"line":12,"column":3140}},"type":"if","locations":[{"start":{"line":12,"column":3026},"end":{"line":12,"column":3140}},{"start":{"line":12,"column":3026},"end":{"line":12,"column":3140}}],"line":12},"31":{"loc":{"start":{"line":12,"column":3053},"end":{"line":12,"column":3099}},"type":"if","locations":[{"start":{"line":12,"column":3053},"end":{"line":12,"column":3099}},{"start":{"line":12,"column":3053},"end":{"line":12,"column":3099}}],"line":12},"32":{"loc":{"start":{"line":12,"column":3061},"end":{"line":12,"column":3075}},"type":"cond-expr","locations":[{"start":{"line":12,"column":3070},"end":{"line":12,"column":3071}},{"start":{"line":12,"column":3074},"end":{"line":12,"column":3075}}],"line":12},"33":{"loc":{"start":{"line":12,"column":3141},"end":{"line":12,"column":3205}},"type":"binary-expr","locations":[{"start":{"line":12,"column":3141},"end":{"line":12,"column":3159}},{"start":{"line":12,"column":3164},"end":{"line":12,"column":3204}}],"line":12},"34":{"loc":{"start":{"line":12,"column":3288},"end":{"line":12,"column":3572}},"type":"if","locations":[{"start":{"line":12,"column":3288},"end":{"line":12,"column":3572}},{"start":{"line":12,"column":3288},"end":{"line":12,"column":3572}}],"line":12},"35":{"loc":{"start":{"line":12,"column":3327},"end":{"line":12,"column":3568}},"type":"binary-expr","locations":[{"start":{"line":12,"column":3327},"end":{"line":12,"column":3340}},{"start":{"line":12,"column":3344},"end":{"line":12,"column":3364}},{"start":{"line":12,"column":3369},"end":{"line":12,"column":3448}},{"start":{"line":12,"column":3453},"end":{"line":12,"column":3467}},{"start":{"line":12,"column":3472},"end":{"line":12,"column":3567}}],"line":12},"36":{"loc":{"start":{"line":12,"column":3613},"end":{"line":12,"column":3700}},"type":"if","locations":[{"start":{"line":12,"column":3613},"end":{"line":12,"column":3700}},{"start":{"line":12,"column":3613},"end":{"line":12,"column":3700}}],"line":12},"37":{"loc":{"start":{"line":12,"column":3723},"end":{"line":12,"column":3970}},"type":"cond-expr","locations":[{"start":{"line":12,"column":3727},"end":{"line":12,"column":3866}},{"start":{"line":12,"column":3870},"end":{"line":12,"column":3969}}],"line":12},"38":{"loc":{"start":{"line":12,"column":3727},"end":{"line":12,"column":3866}},"type":"cond-expr","locations":[{"start":{"line":12,"column":3737},"end":{"line":12,"column":3861}},{"start":{"line":12,"column":3865},"end":{"line":12,"column":3866}}],"line":12},"39":{"loc":{"start":{"line":12,"column":3784},"end":{"line":12,"column":3839}},"type":"binary-expr","locations":[{"start":{"line":12,"column":3784},"end":{"line":12,"column":3805}},{"start":{"line":12,"column":3810},"end":{"line":12,"column":3838}}],"line":12},"40":{"loc":{"start":{"line":12,"column":4027},"end":{"line":12,"column":4056}},"type":"binary-expr","locations":[{"start":{"line":12,"column":4027},"end":{"line":12,"column":4033}},{"start":{"line":12,"column":4038},"end":{"line":12,"column":4055}}],"line":12},"41":{"loc":{"start":{"line":12,"column":4058},"end":{"line":12,"column":4108}},"type":"binary-expr","locations":[{"start":{"line":12,"column":4058},"end":{"line":12,"column":4064}},{"start":{"line":12,"column":4069},"end":{"line":12,"column":4107}}],"line":12},"42":{"loc":{"start":{"line":12,"column":4173},"end":{"line":12,"column":4191}},"type":"binary-expr","locations":[{"start":{"line":12,"column":4173},"end":{"line":12,"column":4185}},{"start":{"line":12,"column":4189},"end":{"line":12,"column":4191}}],"line":12},"43":{"loc":{"start":{"line":12,"column":4378},"end":{"line":12,"column":4699}},"type":"if","locations":[{"start":{"line":12,"column":4378},"end":{"line":12,"column":4699}},{"start":{"line":12,"column":4378},"end":{"line":12,"column":4699}}],"line":12},"44":{"loc":{"start":{"line":12,"column":4382},"end":{"line":12,"column":4395}},"type":"binary-expr","locations":[{"start":{"line":12,"column":4382},"end":{"line":12,"column":4383}},{"start":{"line":12,"column":4387},"end":{"line":12,"column":4395}}],"line":12},"45":{"loc":{"start":{"line":12,"column":4413},"end":{"line":12,"column":4437}},"type":"if","locations":[{"start":{"line":12,"column":4413},"end":{"line":12,"column":4437}},{"start":{"line":12,"column":4413},"end":{"line":12,"column":4437}}],"line":12},"46":{"loc":{"start":{"line":12,"column":4438},"end":{"line":12,"column":4480}},"type":"if","locations":[{"start":{"line":12,"column":4438},"end":{"line":12,"column":4480}},{"start":{"line":12,"column":4438},"end":{"line":12,"column":4480}}],"line":12},"47":{"loc":{"start":{"line":12,"column":4481},"end":{"line":12,"column":4697}},"type":"if","locations":[{"start":{"line":12,"column":4481},"end":{"line":12,"column":4697}},{"start":{"line":12,"column":4481},"end":{"line":12,"column":4697}}],"line":12},"48":{"loc":{"start":{"line":12,"column":4563},"end":{"line":12,"column":4628}},"type":"if","locations":[{"start":{"line":12,"column":4563},"end":{"line":12,"column":4628}},{"start":{"line":12,"column":4563},"end":{"line":12,"column":4628}}],"line":12},"49":{"loc":{"start":{"line":12,"column":5132},"end":{"line":12,"column":5171}},"type":"binary-expr","locations":[{"start":{"line":12,"column":5132},"end":{"line":12,"column":5154}},{"start":{"line":12,"column":5158},"end":{"line":12,"column":5171}}],"line":12},"50":{"loc":{"start":{"line":12,"column":5180},"end":{"line":12,"column":5265}},"type":"binary-expr","locations":[{"start":{"line":12,"column":5180},"end":{"line":12,"column":5183}},{"start":{"line":12,"column":5188},"end":{"line":12,"column":5211}},{"start":{"line":12,"column":5215},"end":{"line":12,"column":5264}}],"line":12},"51":{"loc":{"start":{"line":12,"column":5240},"end":{"line":12,"column":5263}},"type":"binary-expr","locations":[{"start":{"line":12,"column":5240},"end":{"line":12,"column":5253}},{"start":{"line":12,"column":5257},"end":{"line":12,"column":5263}}],"line":12},"52":{"loc":{"start":{"line":12,"column":5301},"end":{"line":12,"column":5457}},"type":"cond-expr","locations":[{"start":{"line":12,"column":5325},"end":{"line":12,"column":5377}},{"start":{"line":12,"column":5381},"end":{"line":12,"column":5456}}],"line":12},"53":{"loc":{"start":{"line":12,"column":5732},"end":{"line":12,"column":5761}},"type":"binary-expr","locations":[{"start":{"line":12,"column":5732},"end":{"line":12,"column":5744}},{"start":{"line":12,"column":5749},"end":{"line":12,"column":5760}}],"line":12},"54":{"loc":{"start":{"line":12,"column":5818},"end":{"line":12,"column":5916}},"type":"cond-expr","locations":[{"start":{"line":12,"column":5845},"end":{"line":12,"column":5846}},{"start":{"line":12,"column":5849},"end":{"line":12,"column":5916}}],"line":12},"55":{"loc":{"start":{"line":12,"column":5885},"end":{"line":12,"column":5912}},"type":"cond-expr","locations":[{"start":{"line":12,"column":5894},"end":{"line":12,"column":5901}},{"start":{"line":12,"column":5904},"end":{"line":12,"column":5912}}],"line":12},"56":{"loc":{"start":{"line":12,"column":6241},"end":{"line":12,"column":6297}},"type":"if","locations":[{"start":{"line":12,"column":6241},"end":{"line":12,"column":6297}},{"start":{"line":12,"column":6241},"end":{"line":12,"column":6297}}],"line":12},"57":{"loc":{"start":{"line":12,"column":6425},"end":{"line":12,"column":6704}},"type":"if","locations":[{"start":{"line":12,"column":6425},"end":{"line":12,"column":6704}},{"start":{"line":12,"column":6425},"end":{"line":12,"column":6704}}],"line":12},"58":{"loc":{"start":{"line":12,"column":6625},"end":{"line":12,"column":6703}},"type":"binary-expr","locations":[{"start":{"line":12,"column":6625},"end":{"line":12,"column":6644}},{"start":{"line":12,"column":6648},"end":{"line":12,"column":6663}},{"start":{"line":12,"column":6667},"end":{"line":12,"column":6686}},{"start":{"line":12,"column":6691},"end":{"line":12,"column":6702}}],"line":12},"59":{"loc":{"start":{"line":12,"column":6787},"end":{"line":12,"column":6823}},"type":"if","locations":[{"start":{"line":12,"column":6787},"end":{"line":12,"column":6823}},{"start":{"line":12,"column":6787},"end":{"line":12,"column":6823}}],"line":12},"60":{"loc":{"start":{"line":12,"column":6896},"end":{"line":12,"column":6919}},"type":"if","locations":[{"start":{"line":12,"column":6896},"end":{"line":12,"column":6919}},{"start":{"line":12,"column":6896},"end":{"line":12,"column":6919}}],"line":12},"61":{"loc":{"start":{"line":12,"column":7006},"end":{"line":12,"column":7041}},"type":"binary-expr","locations":[{"start":{"line":12,"column":7006},"end":{"line":12,"column":7007}},{"start":{"line":12,"column":7012},"end":{"line":12,"column":7040}}],"line":12},"62":{"loc":{"start":{"line":12,"column":7152},"end":{"line":12,"column":7198}},"type":"if","locations":[{"start":{"line":12,"column":7152},"end":{"line":12,"column":7198}},{"start":{"line":12,"column":7152},"end":{"line":12,"column":7198}}],"line":12},"63":{"loc":{"start":{"line":12,"column":7199},"end":{"line":12,"column":7629}},"type":"if","locations":[{"start":{"line":12,"column":7199},"end":{"line":12,"column":7629}},{"start":{"line":12,"column":7199},"end":{"line":12,"column":7629}}],"line":12},"64":{"loc":{"start":{"line":12,"column":7288},"end":{"line":12,"column":7627}},"type":"if","locations":[{"start":{"line":12,"column":7288},"end":{"line":12,"column":7627}},{"start":{"line":12,"column":7288},"end":{"line":12,"column":7627}}],"line":12},"65":{"loc":{"start":{"line":12,"column":7292},"end":{"line":12,"column":7298}},"type":"binary-expr","locations":[{"start":{"line":12,"column":7292},"end":{"line":12,"column":7293}},{"start":{"line":12,"column":7297},"end":{"line":12,"column":7298}}],"line":12},"66":{"loc":{"start":{"line":12,"column":7302},"end":{"line":12,"column":7360}},"type":"if","locations":[{"start":{"line":12,"column":7302},"end":{"line":12,"column":7360}},{"start":{"line":12,"column":7302},"end":{"line":12,"column":7360}}],"line":12},"67":{"loc":{"start":{"line":12,"column":7361},"end":{"line":12,"column":7419}},"type":"if","locations":[{"start":{"line":12,"column":7361},"end":{"line":12,"column":7419}},{"start":{"line":12,"column":7361},"end":{"line":12,"column":7419}}],"line":12},"68":{"loc":{"start":{"line":12,"column":7427},"end":{"line":12,"column":7627}},"type":"if","locations":[{"start":{"line":12,"column":7427},"end":{"line":12,"column":7627}},{"start":{"line":12,"column":7427},"end":{"line":12,"column":7627}}],"line":12},"69":{"loc":{"start":{"line":12,"column":7436},"end":{"line":12,"column":7494}},"type":"if","locations":[{"start":{"line":12,"column":7436},"end":{"line":12,"column":7494}},{"start":{"line":12,"column":7436},"end":{"line":12,"column":7494}}],"line":12},"70":{"loc":{"start":{"line":12,"column":7504},"end":{"line":12,"column":7566}},"type":"if","locations":[{"start":{"line":12,"column":7504},"end":{"line":12,"column":7566}},{"start":{"line":12,"column":7504},"end":{"line":12,"column":7566}}],"line":12},"71":{"loc":{"start":{"line":12,"column":7567},"end":{"line":12,"column":7625}},"type":"if","locations":[{"start":{"line":12,"column":7567},"end":{"line":12,"column":7625}},{"start":{"line":12,"column":7567},"end":{"line":12,"column":7625}}],"line":12},"72":{"loc":{"start":{"line":12,"column":7751},"end":{"line":12,"column":7854}},"type":"if","locations":[{"start":{"line":12,"column":7751},"end":{"line":12,"column":7854}},{"start":{"line":12,"column":7751},"end":{"line":12,"column":7854}}],"line":12},"73":{"loc":{"start":{"line":12,"column":7755},"end":{"line":12,"column":7831}},"type":"binary-expr","locations":[{"start":{"line":12,"column":7755},"end":{"line":12,"column":7776}},{"start":{"line":12,"column":7780},"end":{"line":12,"column":7803}},{"start":{"line":12,"column":7807},"end":{"line":12,"column":7831}}],"line":12},"74":{"loc":{"start":{"line":12,"column":7857},"end":{"line":12,"column":7949}},"type":"binary-expr","locations":[{"start":{"line":12,"column":7857},"end":{"line":12,"column":7858}},{"start":{"line":12,"column":7863},"end":{"line":12,"column":7876}},{"start":{"line":12,"column":7880},"end":{"line":12,"column":7896}},{"start":{"line":12,"column":7901},"end":{"line":12,"column":7914}},{"start":{"line":12,"column":7918},"end":{"line":12,"column":7935}},{"start":{"line":12,"column":7940},"end":{"line":12,"column":7948}}],"line":12},"75":{"loc":{"start":{"line":12,"column":7959},"end":{"line":12,"column":7980}},"type":"cond-expr","locations":[{"start":{"line":12,"column":7963},"end":{"line":12,"column":7975}},{"start":{"line":12,"column":7978},"end":{"line":12,"column":7980}}],"line":12},"76":{"loc":{"start":{"line":12,"column":8012},"end":{"line":12,"column":8086}},"type":"cond-expr","locations":[{"start":{"line":12,"column":8017},"end":{"line":12,"column":8066}},{"start":{"line":12,"column":8070},"end":{"line":12,"column":8086}}],"line":12},"77":{"loc":{"start":{"line":12,"column":8127},"end":{"line":12,"column":8163}},"type":"if","locations":[{"start":{"line":12,"column":8127},"end":{"line":12,"column":8163}},{"start":{"line":12,"column":8127},"end":{"line":12,"column":8163}}],"line":12},"78":{"loc":{"start":{"line":12,"column":8171},"end":{"line":12,"column":8378}},"type":"cond-expr","locations":[{"start":{"line":12,"column":8217},"end":{"line":12,"column":8234}},{"start":{"line":12,"column":8237},"end":{"line":12,"column":8378}}],"line":12},"79":{"loc":{"start":{"line":12,"column":8171},"end":{"line":12,"column":8214}},"type":"binary-expr","locations":[{"start":{"line":12,"column":8171},"end":{"line":12,"column":8189}},{"start":{"line":12,"column":8193},"end":{"line":12,"column":8214}}],"line":12},"80":{"loc":{"start":{"line":12,"column":8237},"end":{"line":12,"column":8378}},"type":"cond-expr","locations":[{"start":{"line":12,"column":8260},"end":{"line":12,"column":8331}},{"start":{"line":12,"column":8335},"end":{"line":12,"column":8378}}],"line":12},"81":{"loc":{"start":{"line":12,"column":8335},"end":{"line":12,"column":8378}},"type":"binary-expr","locations":[{"start":{"line":12,"column":8335},"end":{"line":12,"column":8354}},{"start":{"line":12,"column":8358},"end":{"line":12,"column":8359}},{"start":{"line":12,"column":8364},"end":{"line":12,"column":8377}}],"line":12},"82":{"loc":{"start":{"line":12,"column":8499},"end":{"line":12,"column":8591}},"type":"if","locations":[{"start":{"line":12,"column":8499},"end":{"line":12,"column":8591}},{"start":{"line":12,"column":8499},"end":{"line":12,"column":8591}}],"line":12},"83":{"loc":{"start":{"line":12,"column":8711},"end":{"line":12,"column":8827}},"type":"if","locations":[{"start":{"line":12,"column":8711},"end":{"line":12,"column":8827}},{"start":{"line":12,"column":8711},"end":{"line":12,"column":8827}}],"line":12},"84":{"loc":{"start":{"line":12,"column":8755},"end":{"line":12,"column":8815}},"type":"if","locations":[{"start":{"line":12,"column":8755},"end":{"line":12,"column":8815}},{"start":{"line":12,"column":8755},"end":{"line":12,"column":8815}}],"line":12},"85":{"loc":{"start":{"line":12,"column":8995},"end":{"line":12,"column":9035}},"type":"binary-expr","locations":[{"start":{"line":12,"column":8995},"end":{"line":12,"column":9017}},{"start":{"line":12,"column":9022},"end":{"line":12,"column":9034}}],"line":12},"86":{"loc":{"start":{"line":13,"column":121},"end":{"line":13,"column":166}},"type":"cond-expr","locations":[{"start":{"line":13,"column":130},"end":{"line":13,"column":134}},{"start":{"line":13,"column":137},"end":{"line":13,"column":166}}],"line":13},"87":{"loc":{"start":{"line":24,"column":2},"end":{"line":27,"column":3}},"type":"if","locations":[{"start":{"line":24,"column":2},"end":{"line":27,"column":3}},{"start":{"line":24,"column":2},"end":{"line":27,"column":3}}],"line":24},"88":{"loc":{"start":{"line":32,"column":2},"end":{"line":51,"column":3}},"type":"if","locations":[{"start":{"line":32,"column":2},"end":{"line":51,"column":3}},{"start":{"line":32,"column":2},"end":{"line":51,"column":3}}],"line":32},"89":{"loc":{"start":{"line":62,"column":16},"end":{"line":204,"column":7}},"type":"switch","locations":[{"start":{"line":63,"column":8},"end":{"line":71,"column":43}},{"start":{"line":72,"column":8},"end":{"line":82,"column":43}},{"start":{"line":83,"column":8},"end":{"line":200,"column":11}},{"start":{"line":201,"column":8},"end":{"line":201,"column":16}},{"start":{"line":202,"column":8},"end":{"line":203,"column":33}}],"line":62},"90":{"loc":{"start":{"line":66,"column":10},"end":{"line":69,"column":11}},"type":"if","locations":[{"start":{"line":66,"column":10},"end":{"line":69,"column":11}},{"start":{"line":66,"column":10},"end":{"line":69,"column":11}}],"line":66},"91":{"loc":{"start":{"line":77,"column":10},"end":{"line":80,"column":11}},"type":"if","locations":[{"start":{"line":77,"column":10},"end":{"line":80,"column":11}},{"start":{"line":77,"column":10},"end":{"line":80,"column":11}}],"line":77},"92":{"loc":{"start":{"line":88,"column":22},"end":{"line":88,"column":80}},"type":"cond-expr","locations":[{"start":{"line":88,"column":37},"end":{"line":88,"column":68}},{"start":{"line":88,"column":71},"end":{"line":88,"column":80}}],"line":88},"93":{"loc":{"start":{"line":96,"column":10},"end":{"line":200,"column":11}},"type":"if","locations":[{"start":{"line":96,"column":10},"end":{"line":200,"column":11}},{"start":{"line":96,"column":10},"end":{"line":200,"column":11}}],"line":96},"94":{"loc":{"start":{"line":98,"column":21},"end":{"line":98,"column":46}},"type":"binary-expr","locations":[{"start":{"line":98,"column":21},"end":{"line":98,"column":40}},{"start":{"line":98,"column":44},"end":{"line":98,"column":46}}],"line":98},"95":{"loc":{"start":{"line":103,"column":45},"end":{"line":103,"column":75}},"type":"binary-expr","locations":[{"start":{"line":103,"column":45},"end":{"line":103,"column":69}},{"start":{"line":103,"column":73},"end":{"line":103,"column":75}}],"line":103},"96":{"loc":{"start":{"line":112,"column":36},"end":{"line":112,"column":64}},"type":"binary-expr","locations":[{"start":{"line":112,"column":36},"end":{"line":112,"column":58}},{"start":{"line":112,"column":62},"end":{"line":112,"column":64}}],"line":112},"97":{"loc":{"start":{"line":113,"column":30},"end":{"line":113,"column":60}},"type":"binary-expr","locations":[{"start":{"line":113,"column":30},"end":{"line":113,"column":54}},{"start":{"line":113,"column":58},"end":{"line":113,"column":60}}],"line":113},"98":{"loc":{"start":{"line":114,"column":27},"end":{"line":114,"column":54}},"type":"binary-expr","locations":[{"start":{"line":114,"column":27},"end":{"line":114,"column":48}},{"start":{"line":114,"column":52},"end":{"line":114,"column":54}}],"line":114},"99":{"loc":{"start":{"line":118,"column":14},"end":{"line":131,"column":15}},"type":"if","locations":[{"start":{"line":118,"column":14},"end":{"line":131,"column":15}},{"start":{"line":118,"column":14},"end":{"line":131,"column":15}}],"line":118},"100":{"loc":{"start":{"line":118,"column":18},"end":{"line":125,"column":17}},"type":"binary-expr","locations":[{"start":{"line":118,"column":18},"end":{"line":118,"column":47}},{"start":{"line":118,"column":51},"end":{"line":118,"column":58}},{"start":{"line":118,"column":62},"end":{"line":125,"column":17}}],"line":118},"101":{"loc":{"start":{"line":132,"column":40},"end":{"line":132,"column":69}},"type":"binary-expr","locations":[{"start":{"line":132,"column":40},"end":{"line":132,"column":64}},{"start":{"line":132,"column":68},"end":{"line":132,"column":69}}],"line":132},"102":{"loc":{"start":{"line":133,"column":14},"end":{"line":152,"column":15}},"type":"if","locations":[{"start":{"line":133,"column":14},"end":{"line":152,"column":15}},{"start":{"line":133,"column":14},"end":{"line":152,"column":15}}],"line":133},"103":{"loc":{"start":{"line":136,"column":16},"end":{"line":150,"column":17}},"type":"if","locations":[{"start":{"line":136,"column":16},"end":{"line":150,"column":17}},{"start":{"line":136,"column":16},"end":{"line":150,"column":17}}],"line":136},"104":{"loc":{"start":{"line":140,"column":20},"end":{"line":144,"column":21}},"type":"if","locations":[{"start":{"line":140,"column":20},"end":{"line":144,"column":21}},{"start":{"line":140,"column":20},"end":{"line":144,"column":21}}],"line":140},"105":{"loc":{"start":{"line":140,"column":24},"end":{"line":140,"column":55}},"type":"binary-expr","locations":[{"start":{"line":140,"column":24},"end":{"line":140,"column":43}},{"start":{"line":140,"column":47},"end":{"line":140,"column":55}}],"line":140},"106":{"loc":{"start":{"line":142,"column":27},"end":{"line":144,"column":21}},"type":"if","locations":[{"start":{"line":142,"column":27},"end":{"line":144,"column":21}},{"start":{"line":142,"column":27},"end":{"line":144,"column":21}}],"line":142},"107":{"loc":{"start":{"line":146,"column":20},"end":{"line":146,"column":54}},"type":"if","locations":[{"start":{"line":146,"column":20},"end":{"line":146,"column":54}},{"start":{"line":146,"column":20},"end":{"line":146,"column":54}}],"line":146},"108":{"loc":{"start":{"line":148,"column":23},"end":{"line":150,"column":17}},"type":"if","locations":[{"start":{"line":148,"column":23},"end":{"line":150,"column":17}},{"start":{"line":148,"column":23},"end":{"line":150,"column":17}}],"line":148},"109":{"loc":{"start":{"line":154,"column":14},"end":{"line":154,"column":62}},"type":"if","locations":[{"start":{"line":154,"column":14},"end":{"line":154,"column":62}},{"start":{"line":154,"column":14},"end":{"line":154,"column":62}}],"line":154},"110":{"loc":{"start":{"line":168,"column":16},"end":{"line":171,"column":17}},"type":"if","locations":[{"start":{"line":168,"column":16},"end":{"line":171,"column":17}},{"start":{"line":168,"column":16},"end":{"line":171,"column":17}}],"line":168},"111":{"loc":{"start":{"line":174,"column":16},"end":{"line":179,"column":17}},"type":"if","locations":[{"start":{"line":174,"column":16},"end":{"line":179,"column":17}},{"start":{"line":174,"column":16},"end":{"line":179,"column":17}}],"line":174},"112":{"loc":{"start":{"line":180,"column":16},"end":{"line":190,"column":17}},"type":"if","locations":[{"start":{"line":180,"column":16},"end":{"line":190,"column":17}},{"start":{"line":180,"column":16},"end":{"line":190,"column":17}}],"line":180},"113":{"loc":{"start":{"line":180,"column":20},"end":{"line":180,"column":48}},"type":"binary-expr","locations":[{"start":{"line":180,"column":20},"end":{"line":180,"column":28}},{"start":{"line":180,"column":32},"end":{"line":180,"column":48}}],"line":180},"114":{"loc":{"start":{"line":187,"column":33},"end":{"line":187,"column":76}},"type":"cond-expr","locations":[{"start":{"line":187,"column":44},"end":{"line":187,"column":58}},{"start":{"line":187,"column":61},"end":{"line":187,"column":76}}],"line":187},"115":{"loc":{"start":{"line":194,"column":17},"end":{"line":200,"column":11}},"type":"if","locations":[{"start":{"line":194,"column":17},"end":{"line":200,"column":11}},{"start":{"line":194,"column":17},"end":{"line":200,"column":11}}],"line":194},"116":{"loc":{"start":{"line":196,"column":12},"end":{"line":199,"column":13}},"type":"if","locations":[{"start":{"line":196,"column":12},"end":{"line":199,"column":13}},{"start":{"line":196,"column":12},"end":{"line":199,"column":13}}],"line":196},"117":{"loc":{"start":{"line":216,"column":2},"end":{"line":219
[...]
AA,CAAAC,IAAA,CAAA5E,CAAA,cAAA6E,cAAApE,CAAA,QAAAT,CAAA,GAAAS,CAAA,CAAAqE,UAAA,QAAA9E,CAAA,CAAAgC,IAAA,oBAAAhC,CAAA,CAAAiC,GAAA,EAAAxB,CAAA,CAAAqE,UAAA,GAAA9E,CAAA,aAAA6B,QAAApB,CAAA,SAAAkE,UAAA,MAAAJ,MAAA,aAAA9D,CAAA,CAAAwC,OAAA,CAAAqB,YAAA,cAAAS,KAAA,iBAAAjC,OAAA9C,CAAA,QAAAA,CAAA,WAAAA,CAAA,QAAAU,CAAA,GAAAV,CAAA,CAAAiB,CAAA,OAAAP,CAAA,SAAAA,CAAA,CAAAwB,IAAA,CAAAlC,CAAA,4BAAAA,CAAA,CAAAoE,IAAA,SAAApE,CAAA,OAAAgF,KAAA,CAAAhF,CAAA,CAAAiF,MAAA,SAAA9E,CAAA,OAAAa,CAAA,YAAAoD,KAAA,aAAAjE,CAAA,GAAAH,CAAA,CAAAiF,MAAA,OAAArE,CAAA,CAAAsB,IAAA,CAAAlC,CAAA,EAAAG,CAAA,UAAAiE,IAAA,CAAArD,KAAA,GAAAf,CAAA,CAAAG,CAAA,GAAAiE,IAAA,CAAAV,IAAA,OAAAU,IAAA,SAAAA,IAAA,CAAArD,KAAA,GAAAN,CAAA,EAAA2D,IAAA,CAAAV,IAAA,OAAAU,IAAA,YAAApD,CAAA,CAAAoD,IAAA,GAAApD,CAAA,gBAAAkD,SAAA,CAAAhE,OAAA,CAAAF,CAAA,kCAAAwC,iBAAA,CAAAjC,SAAA,GAAAkC,0BAAA,EAAAtC,CAAA,CAAA4C,CAAA,mBAAAhC,KAAA,EAAA0B,0BAAA,EAAAjB,YAAA,SAAArB,CAAA,CAAAsC,0BAAA,mBAAA1B,KAAA,EAAAyB,iBAAA,EAAAhB,YAAA,SAAAgB,iBAAA,CAAA0C,WAAA,GAAA5D,MAAA,CAAAmB,0BAAA,EAAArB,CAAA,wBAAApB,CAAA,CAAAmF,mBAAA,aAAA1E,CAAA,QAAAT,CAAA,wBAAAS,CAAA,IAAAA,CAAA,CAAAH,WAAA,WAAAN,CAAA,KAAAA,CAAA,KAAAwC,iBAAA,6BAAAxC,CAAA,CAAAkF,WAAA,IAAAlF,CAAA,CAAAoF,IAAA,OAAApF,CAAA,CAAAqF,IAAA,aAAA5E,CAAA,WAAAE,MAAA,CAAA2E,cAAA,GAAA3E,MAAA,CAAA2E,cAAA,CAAA7E,CAAA,EAAAgC,0BAAA,KAAAhC,CAAA,CAAA8E,SAAA,GAAA9C,0BAAA,EAAAnB,MAAA,CAAAb,CAAA,EAAAW,CAAA,yBAAAX,CAAA,CAAAF,SAAA,GAAAI,MAAA,CAAAiB,MAAA,CAAAmB,CAAA,GAAAtC,CAAA,KAAAT,CAAA,CAAAwF,KAAA,aAAA/E,CAAA,aAAA6C,OAAA,EAAA7C,CAAA,OAAAuC,qBAAA,CAAAG,aAAA,CAAA5C,SAAA,GAAAe,MAAA,CAAA6B,aAAA,CAAA5C,SAAA,EAAAW,CAAA,iCAAAlB,CAAA,CAAAmD,aAAA,GAAAA,aAAA,EAAAnD,CAAA,CAAAyF,KAAA,aAAAhF,CAAA,EAAAC,CAAA,EAAAE,CAAA,EAAAT,CAAA,EAAAa,CAAA,eAAAA,CAAA,KAAAA,CAAA,GAAA0E,OAAA,OAAAzE,CAAA,OAAAkC,aAAA,CAAAzB,IAAA,CAAAjB,CAAA,EAAAC,CAAA,EAAAE,CAAA,EAAAT,CAAA,GAAAa,CAAA,UAAAhB,CAAA,CAAAmF,mBAAA,CAAAzE,CAAA,IAAAO,CAAA,GAAAA,CAAA,CAAAmD,IAAA,GAAAb,IAAA,WAAA9C,CAAA,WAAAA,CAAA,CAAAiD,IAAA,GAAAjD,CAAA,CAAAM,KAAA,GAAAE,CAAA,CAAAmD,IAAA,WAAApB,qBAAA,CAAAD,CAAA,GAAAzB,MAAA,CAAAyB,CAAA,EAAA3B,CAAA,gBAAAE,MAAA,CAAAyB,CAAA,EAAA9B,CAAA,iCAAAK,MAAA,CAAAyB,CAAA,6DAAA/C,CAAA,CAAA2F,IAAA,aAAAlF,CAAA,QAAAT,CAAA,GAAAW,MAAA,CAAAF,CAAA,GAAAC,CAAA,gBAAAE,CAAA,IAAAZ,CAAA,EAAAU,CAAA,CAAAkE,IAAA,CAAAhE,CAAA,UAAAF,CAAA,CAAAkF,OAAA,aAAAxB,KAAA,WAAA1D,CAAA,CAAAuE,MAAA,SAAAxE,CAAA,GAAAC,CAAA,CAAAmF,GAAA,QAAApF,CAAA,IAAAT,CAAA,SAAAoE,IAAA,CAAArD,KAAA,GAAAN,CAAA,EAAA2D,IAAA,CAAAV,IAAA,OAAAU,IAAA,WAAAA,IAAA,CAAAV,IAAA,OAAAU,IAAA,QAAApE,CAAA,CAAA8C,MAAA,GAAAA,MAAA,EAAAjB,OAAA,CAAAtB,SAAA,KAAAD,WAAA,EAAAuB,OAAA,EAAAkD,KAAA,WAAAA,MAAA/E,CAAA,aAAA8F,IAAA,WAAA1B,IAAA,WAAAN,IAAA,QAAAC,KAAA,GAAAtD,CAAA,OAAAiD,IAAA,YAAAE,QAAA,cAAAD,MAAA,gBAAA1B,GAAA,GAAAxB,CAAA,OAAAkE,UAAA,CAAA1B,OAAA,CAAA4B,aAAA,IAAA7E,CAAA,WAAAU,CAAA,kBAAAA,CAAA,CAAAqF,MAAA,OAAAnF,CAAA,CAAAsB,IAAA,OAAAxB,CAAA,MAAAsE,KAAA,EAAAtE,CAAA,CAAAsF,KAAA,cAAAtF,CAAA,IAAAD,CAAA,MAAAwF,IAAA,WAAAA,KAAA,SAAAvC,IAAA,WAAAjD,CAAA,QAAAkE,UAAA,IAAAG,UAAA,kBAAArE,CAAA,CAAAuB,IAAA,QAAAvB,CAAA,CAAAwB,GAAA,cAAAiE,IAAA,KAAAlC,iBAAA,WAAAA,kBAAAhE,CAAA,aAAA0D,IAAA,QAAA1D,CAAA,MAAAU,CAAA,kBAAAyF,OAAAvF,CAAA,EAAAT,CAAA,WAAAc,CAAA,CAAAe,IAAA,YAAAf,CAAA,CAAAgB,GAAA,GAAAjC,CAAA,EAAAU,CAAA,CAAA0D,IAAA,GAAAxD,CAAA,EAAAT,CAAA,KAAAO,CAAA,CAAAiD,MAAA,WAAAjD,CAAA,CAAAuB,GAAA,GAAAxB,CAAA,KAAAN,CAAA,aAAAA,CAAA,QAAAwE,UAAA,CAAAM,MAAA,MAAA9E,CAAA,SAAAA,CAAA,QAAAa,CAAA,QAAA2D,UAAA,CAAAxE,CAAA,GAAAc,CAAA,GAAAD,CAAA,CAAA8D,UAAA,iBAAA9D,CAAA,CAAAuD,MAAA,SAAA4B,MAAA,aAAAnF,CAAA,CAAAuD,MAAA,SAAAuB,IAAA,QAAA5E,CAAA,GAAAN,CAAA,CAAAsB,IAAA,CAAAlB,CAAA,eAAAI,CAAA,GAAAR,CAAA,CAAAsB,IAAA,CAAAlB,CAAA,qBAAAE,CAAA,IAAAE,CAAA,aAAA0E,IAAA,GAAA9E,CAAA,CAAAwD,QAAA,SAAA2B,MAAA,CAAAnF,CAAA,CAAAwD,QAAA,gBAAAsB,IAAA,GAAA9E,CAAA,CAAAyD,UAAA,SAAA0B,MAAA,CAAAnF,CAAA,CAAAyD,UAAA,cAAAvD,CAAA,aAAA4E,IAAA,GAAA9E,CAAA,CAAAwD,QAAA,SAAA2B,MAAA,CAAAnF,CAAA,CAAAwD,QAAA,qBAAApD,CAAA,QAAAqC,KAAA,qDAAAqC,IAAA,GAAA9E,CAAA,CAAAyD,UAAA,SAAA0B,MAAA,CAAAnF,CAAA,CAAAyD,UAAA,YAAAR,MAAA,WAAAA,OAAAxD,CAAA,EAAAT,CAAA,aAAAU,CAAA,QAAAiE,UAAA,CAAAM,MAAA,MAAAvE,CAAA,SAAAA,CAAA,QAAAP,CAAA,QAAAwE,UAAA,CAAAjE,CAAA,OAAAP,CAAA,CAAAoE,MAAA,SAAAuB,IAAA,IAAAlF,CAAA,CAAAsB,IAAA,CAAA/B,CAAA,wBAAA2F,IAAA,GAAA3F,CAAA,CAAAsE,UAAA,QAAAzD,CAAA,GAAAb,CAAA,aAAAa,CAAA,iBAAAP,CAAA,mBAAAA,CAAA,KAAAO,CAAA,CAAAuD,MAAA,IAAAvE,CAAA,IAAAA,CAAA,IAAAgB,CAAA,CAAAyD,UAAA,KAAAzD,CAAA,cAAAC,CAAA,GAAAD,CAAA,GAAAA,CAAA,CAAA8D,UAAA,cAAA7D,CAAA,CAAAe,IAAA,GAAAvB,CAAA,EAAAQ,CAAA,CAAAgB,GAAA,GAAAjC,CAAA,EAAAgB,CAAA,SAAA2C,MAAA,gBAAAS,IAAA,GAAApD,CAAA,CAAAyD,UAAA,EAAAlC,CAAA,SAAA6D,QAAA,CAAAnF,CAAA,MAAAmF,QAAA,WAAAA,SAAA3F,CAAA,EAAAT,CAAA,oBAAAS,CAAA,CAAAuB,IAAA,QAAAvB,CAAA,CAAAwB,GAAA,qBAAAxB,CAAA,CAAAuB,IAAA,mBAAAvB,CAAA,CAAAuB,IAAA,QAAAoC,IAAA,GAAA3D,CAAA,CAAAwB,GAAA,gBAAAxB,CAAA,CAAAuB,IAAA,SAAAkE,IAAA,QAAAjE,GAAA,GAAAxB,CAAA,CAAAwB,GAAA,OAAA0B,MAAA,kBAAAS,IAAA,yBAAA3D,CAAA,CAAAuB,IAAA,IAAAhC,CAAA,UAAAoE,IAAA,GAAApE,CAAA,GAAAuC,CAAA,KAAA8D,MAAA,WAAAA,OAAA5F,CAAA,aAAAT,CAAA,QAAA2E,UAAA,CAAAM,MAAA,MAAAjF,CAAA,SAAAA,CAAA,QAAAU,CAAA,QAAAiE,UAAA,CAAA3E,CAAA,OAAAU,CAAA,CAAA+D,UAAA,KAAAhE,CAAA,cAAA2F,QAAA,CAAA1F,CAAA,CAAAoE,UAAA,EAAApE,CAAA,CAAAgE,QAAA,GAAAG,aAAA,CAAAnE,CAAA,GAAA6B,CAAA,yBAAA+D,OAAA7F,CAAA,aAAAT,CAAA,QAAA2E,UAAA,CAAAM,MAAA,MAAAjF,CAAA,SAAAA,CAAA,QAAAU,CAAA,QAAAiE,UAAA,CAAA3E,CAAA,OAAAU,CAAA,CAAA6D,MAAA,KAAA9D,CAAA,QAAAG,CAAA,GAAAF,CAAA,CAAAoE,UAAA,kBAAAlE,CAAA,CAAAoB,IAAA,QAAA7B,CAAA,GAAAS,CAAA,CAAAqB,GAAA,EAAA4C,aAAA,CAAAnE,CAAA,YAAAP,CAAA,YAAAsD,KAAA,8BAAA8C,aAAA,WAAAA,cAAAvG,CAAA,EAAAU,CAAA,EAAAE,CAAA,gBAAAgD,QAAA,KAAAvD,QAAA,EAAAyC,MAAA,CAAA9C,CAAA,GAAAmE,UAAA,EAAAzD,CAAA,EAAA2D,OAAA,EAAAzD,CAAA,oBAAA+C,MAAA,UAAA1B,GAAA,GAAAxB,CAAA,GAAA8B,CAAA,OAAAvC,CAAA;AAAA,SAAAwG,mBAAA5F,CAAA,EAAAH,CAAA,EAAAT,CAAA,EAAAU,CAAA,EAAAP,CAAA,EAAAc,CAAA,EAAAC,CAAA,cAAAF,CAAA,GAAAJ,CAAA,CAAAK,CAAA,EAAAC,CAAA,GAAAE,CAAA,GAAAJ,CAAA,CAAAD,KAAA,WAAAH,CAAA,gBAAAZ,CAAA,CAAAY,CAAA,KAAAI,CAAA,CAAA0C,IAAA,GAAAjD,CAAA,CAAAW,CAAA,IAAAsE,OAAA,CAAArC,OAAA,CAAAjC,CAAA,EAAAmC,IAAA,CAAA7C,CAAA,EAAAP,CAAA;AAAA,SAAAsG,kBAAA7F,CAAA,6BAAAH,CAAA,SAAAT,CAAA,GAAA0G,SAAA,aAAAhB,OAAA,WAAAhF,CAAA,EAAAP,CAAA,QAAAc,CAAA,GAAAL,CAAA,CAAA+F,KAAA,CAAAlG,CAAA,EAAAT,CAAA,YAAA4G,MAAAhG,CAAA,IAAA4F,kBAAA,CAAAvF,CAAA,EAAAP,CAAA,EAAAP,CAAA,EAAAyG,KAAA,EAAAC,MAAA,UAAAjG,CAAA,cAAAiG,OAAAjG,CAAA,IAAA4F,kBAAA,CAAAvF,CAAA,EAAAP,CAAA,EAAAP,CAAA,EAAAyG,KAAA,EAAAC,MAAA,WAAAjG,CAAA,KAAAgG,KAAA;AAEA,IAAIE,KAAK,GAAG,IAAI,CAAC,CAAC;AAClB,IAAMC,QAAQ,GAAG,0BAA0B,CAAC,CAAC;AAC7C,IAAIC,QAAQ,GAAG,IAAI,CAAC,CAAC;AACrB,IAAIC,mBAAmB,GAAG,IAAI,CAAC,CAAC;;AAEhC;AACA,SAASC,iBAAiBA,CAAA,EAAG;EACzB;EACA,IAAIC,aAAa,GAAGC,QAAQ,CAACC,cAAc,CAACN,QAAQ,CAAC;EACrD,IAAII,aAAa,EAAE;IACfL,KAAK,GAAGK,aAAa,CAAC,CAAC;IACvB,OAAO,IAAI,CAAC,CAAC;EACjB;;EAEA;EACA,IAAMG,SAAS,GAAGF,QAAQ,CAACG,aAAa,CAAC,6BAA6B,CAAC;EACvE;EACA,IAAID,SAAS,EAAE;IACXR,KAAK,GAAGM,QAAQ,CAACI,aAAa,CAAC,KAAK,CAAC;IACrCV,KAAK,CAACW,EAAE,GAAGV,QAAQ,CAAC,CAAC;IACrBO,SAAS,CAACI,qBAAqB,CAAC,aAAa,EAAEZ,KAAK,CAAC,CAAC,CAAC;IACvDA,KAAK,CAACa,SAAS,CAACC,GAAG,CAAC,2BAA2B,EAAE,SAAS,EAAE,eAAe,EAAE,aAAa,CAAC;IAC3F;IACAd,KAAK,CAACe,KAAK,CAACC,eAAe,GAAG,0BAA0B,CAAC,CAAC;IAC1DhB,KAAK,CAACe,KAAK,CAACE,cAAc,GAAG,WAAW,CAAC,CAAC;IAC1CjB,KAAK,CAACe,KAAK,CAACG,oBAAoB,GAAG,WAAW,CAAC,CAAC;IAChDlB,KAAK,CAACe,KAAK,CAACI,OAAO,GAAG,SAAS,CAAC,CAAC;IACjCnB,KAAK,CAACe,KAAK,CAACK,SAAS,GAAG,KAAK,CAAC,CAAC;IAC/BpB,KAAK,CAACe,KAAK,CAACM,YAAY,GAAG,KAAK,CAAC,CAAC;IAClCC,OAAO,CAACC,GAAG,CAAC,4BAA4B,CAAC;IACzC,OAAO,IAAI,CAAC,CAAC;EACjB,CAAC,MAAM;IACH;IACAD,OAAO,CAACC,GAAG,CAAC,gDAAgD,CAAC;IAC7DvB,KAAK,GAAG,IAAI,CAAC,CAAC;IACd,OAAO,KAAK,CAAC,CAAC;EAClB;AACJ;;AAEA;AAAA,SACewB,mBAAmBA,CAAA;EAAA,OAAAC,oBAAA,CAAA5B,KAAA,OAAAD,SAAA;AAAA,EAuIlC;AAAA,SAAA6B,qBAAA;EAAAA,oBAAA,GAAA9B,iBAAA,cAAAjG,mBAAA,GAAA6E,IAAA,CAvIA,SAAAmD,QAAA;IAAA,IAAAC,SAAA,EAAAC,YAAA,EAAAC,SAAA,EAAAC,GAAA,EAAAC,SAAA,EAAAC,YAAA,EAAAC,YAAA,EAAAC,mBAAA,EAAAC,mBAAA,EAAAC,MAAA,EAAAC,OAAA;IAAA,OAAA3I,mBAAA,GAAAkB,IAAA,UAAA0H,SAAAC,QAAA;MAAA,kBAAAA,QAAA,CAAAvD,IAAA,GAAAuD,QAAA,CAAAjF,IAAA;QAAA;UACIgE,OAAO,CAACC,GAAG,CAAC,gCAAgC,CAAC,CAAC,CAAC;UAC/C;UAAA,IACKnB,iBAAiB,CAAC,CAAC;YAAAmC,QAAA,CAAAjF,IAAA;YAAA;UAAA;UACpBgE,OAAO,CAACC,GAAG,CAAC,yDAAyD,CAAC;UAAC,OAAAgB,QAAA,CAAApF,MAAA;QAAA;UAG3E;;UAEA;UACA6C,KAAK,GAAGM,QAAQ,CAACC,cAAc,CAACN,QAAQ,CAAC;UAAC,IACrCD,KAAK;YAAAuC,QAAA,CAAAjF,IAAA;YAAA;UAAA;UACNgE,OAAO,CAACkB,KAAK,CAAC,uDAAuD,CAAC;UAAC,OAAAD,QAAA,CAAApF,MAAA;QAAA;UAIvEwE,SAAS,GAAGrB,QAAQ,CAACmC,gBAAgB,CAAC,gBAAgB,CAAC,EAAE;UACzD;UACEb,YAAY,GAAGtB,QAAQ,CAACG,aAAa,CAAC,2DAA2D,CAAC,EAAE;UAC1G;UACMoB,SAAS,GAAGD,YAAY,GAAGA,YAAY,CAACc,WAAW,CAACC,IAAI,CAAC,CAAC,GAAG,SAAS,EAAE;UAE9E;UACMb,GAAG,GAAG,IAAIc,cAAQ,CAACC,sBAAU,CAAC;UAEhCd,SAAS,GAAG,EAAE;UACdC,YAAY,GAAG,EAAE;UACjBC,YAAY,GAAG,IAAI;UACnBC,mBAAmB,GAAG,CAAC;UACvBC,mBAAmB,GAAG,CAAC;UAE3B,IAAIR,SAAS,CAACxD,MAAM,GAAG,CAAC,EAAE;YACtB4D,SAAS,GAAGe,KAAK,CAACC,IAAI,CAACpB,SAAS,CAAC,CAACqB,GAAG,CAAC,UAAAC,OAAO;cAAA,OAAIA,OAAO,CAACP,WAAW,IAAI,EAAE;YAAA,EAAC;YAC3EV,YAAY,GAAGD,SAAS,CAACmB,IAAI,CAAC,EAAE,CAAC;YACjCjB,YAAY,GAAGN,SAAS,CAACA,SAAS,CAACxD,MAAM,GAAG,CAAC,CAAC;YAC9C+D,mBAAmB,GAAGJ,GAAG,CAACqB,MAAM,CAACnB,YAAY,CAAC,CAAC7D,MAAM;YACrDgE,mBAAmB,GAAGL,GAAG,CAACqB,MAAM,CAAClB,YAAY,CAACS,WAAW,IAAI,EAAE,CAAC,CAACvE,MAAM;;YAEvE;YACAmD,OAAO,CAACC,GAAG,4CAAA6B,MAAA,CAA4CvB,SAAS,gBAAAuB,MAAA,CAAalB,mBAAmB,wBAAAkB,MAAA,CAAqBzB,SAAS,CAACxD,MAAM,CAAE,CAAC;;YAExI;YACMiE,MAAM,GAAG,IAAIiB,GAAG,CAACC,MAAM,CAACC,QAAQ,CAACC,IAAI,CAAC;YACtCnB,OAAO,MAAAe,MAAA,CAAMhB,MAAM,CAACqB,MAAM,EAAAL,MAAA,CAAGhB,MAAM,CAACsB,QAAQ;YAClDC,MAAM,CAACC,OAAO,CAACC,KAAK,CAACC,GAAG,CAAC,CAAC,iBAAiB,EAAE,mBAAmB,EAAE,gBAAgB,CAAC,EAAE,UAACC,MAAM,EAAK;cAC7F,IAAMC,eAAe,GAAGD,MAAM,CAACE,eAAe,IAAI,CAAC,CAAC;cACpD,IAAMC,SAAS,GAAGH,MAAM,CAACI,iBAAiB,IAAI,CAAC,CAAC;cAChD,IAAMC,MAAM,GAAGL,MAAM,CAACM,cAAc,IAAI,CAAC,CAAC;cAC1C,IAAMC,QAAQ,GAAGJ,SAAS,CAAC7B,OAAO,CAAC;cACnC,IAAMkC,OAAO,GAAGH,MAAM,CAAC/B,OAAO,CAAC;cAC/B;cACA,IAAI,EAAEA,OAAO,IAAI2B,eAAe,CAAC,IAAIO,OAAO,IAAK,YAAM;gBACnD,IAAI;kBACA,IAAMvF,IAAI,GAAG,IAAIqE,GAAG,CAACkB,OAAO,CAACC,GAAG,CAAC;kBACjC,OAAO,GAAApB,MAAA,CAAGpE,IAAI,CAACyE,MAAM,EAAAL,MAAA,CAAGpE,IAAI,CAAC0E,QAAQ,MAAOrB,OAAO;gBACvD,CAAC,CAAC,OAAAoC,QAAA,EAAM;kBAAE,OAAO,KAAK;gBAAE;cAC5B,CAAC,CAAE,CAAC,EAAE;gBACFT,eAAe,CAAC3B,OAAO,CAAC,GAAGkC,OAAO,CAACG,MAAM;gBACzC;gBACAf,MAAM,CAACC,OAAO,CAACC,KAAK,CAACc,GAAG,CAAC;kBAAEV,eAAe,EAAED;gBAAgB,CAAC,CAAC;cAClE;cACA,IAAMY,mBAAmB,GAAGZ,eAAe,CAAC3B,OAAO,CAAC,IAAI,CAAC;cACzD,IAAIH,mBAAmB,IAAI0C,mBAAmB,EAAE;gBAC5CtD,OAAO,CAACC,GAAG,CAAC,mEAAmE,CAAC;gBAChF;gBACA,IAAIgD,OAAO,EAAE;kBACT,IAAI;oBACA,IAAMM,OAAO,GAAG,IAAIxB,GAAG,CAACkB,OAAO,CAACC,GAAG,CAAC;oBACpC,IAAMM,OAAO,MAAA1B,MAAA,CAAMyB,OAAO,CAACpB,MAAM,EAAAL,MAAA,CAAGyB,OAAO,CAACnB,QAAQ,CAAE;oBACtD,IAAIoB,OAAO,KAAKzC,OAAO,IAAIiC,QAAQ,EAAE;sBACjCS,WAAW,CAACT,QAAQ,CAAC;oBACzB,CAAC,MAAM,IAAItE,KAAK,EAAE;sBACdA,KAAK,CAAC0C,WAAW,GAAG,EAAE;oBAC1B;kBACJ,CAAC,CAAC,OAAAsC,QAAA,EAAM;oBACJ,IAAIhF,KAAK,EAAEA,KAAK,CAAC0C,WAAW,GAAG,EAAE;kBACrC;gBACJ,CAAC,MAAM,IAAI1C,KAAK,EAAE;kBACdA,KAAK,CAAC0C,WAAW,GAAG,EAAE;gBAC1B;gBACA;cACJ;cACA;cACA,IAAI1C,KAAK,EAAEA,KAAK,CAAC0C,WAAW,GAAG,gBAAgB;cAC/C,IAAMuC,gBAAgB,GAAGC,IAAI,CAACC,GAAG,CAAC,CAAC;cACnCxB,MAAM,CAACyB,OAAO,CAACC,WAAW,CACtB;gBACIC,MAAM,EAAE,iBAAiB;gBACzBzD,SAAS,EAAEA,SAAS;gBACpB6C,MAAM,EAAExC,mBAAmB;gBAC3BsC,GAAG,EAAElB,MAAM,CAACC,QAAQ,CAACC,IAAI;gBACzB+B,SAAS,EAAEN;cACf,CAAC,EACD,UAACO,QAAQ,EAAK;gBACV;gBACAlE,OAAO,CAACC,GAAG,CAAC,oCAAoC,EAAEkE,IAAI,CAACC,SAAS,CAACF,QAAQ,EAAE,IAAI,EAAE,CAAC,CAAC,CAAC;;gBAEpF;gBACA,IAAMG,YAAY,GAAGrF,QAAQ,CAACC,cAAc,CAACN,QAAQ,CAAC;gBACtD,IAAI,CAAC0F,YAAY,EAAE;kBACfrE,OAAO,CAACC,GAAG,CAAC,+CAA+C,CAAC;kBAC5D,OAAO,CAAC;gBACZ;;gBAEA;gBACA,IAAIoC,MAAM,CAACyB,OAAO,CAACQ,SAAS,EAAE;kBAC1B;kBACAtE,OAAO,CAACkB,KAAK,CAAC,wBAAwB,EAAEmB,MAAM,CAACyB,OAAO,CAACQ,SAAS,CAACC,OAAO,CAAC;kBACzEF,YAAY,CAACjD,WAAW,GAAG,6BAA6B;kBACxD;gBACJ;gBAEA,IAAI8C,QAAQ,IAAIA,QAAQ,CAACM,OAAO,EAAE;kBAC9B,IAAMC,UAAU,GAAGP,QAAQ,CAACQ,IAAI;kBAChC1E,OAAO,CAACC,GAAG,CAAC,qCAAqC,EAAEwE,UAAU,CAAC;kBAC9D;kBACAhB,WAAW,CAACgB,UAAU,CAAC,CAAC,CAAC;gBAC7B,CAAC,MAAM;kBACH;kBACA,IAAME,QAAQ,GAAGT,QAAQ,GAAGA,QAAQ,CAAChD,KAAK,GAAG,eAAe;kBAC5DlB,OAAO,CAACkB,KAAK,CAAC,sDAAsD,EAAEyD,QAAQ,CAAC;kBAC/EN,YAAY,CAACjD,WAAW,aAAAU,MAAA,CAAa6C,QAAQ,CAAE,CAAC,CAAC;gBACrD;cACJ,CACJ,CAAC;YACL,CAAC,CAAC;YACF;UACJ,CAAC,MAAM,IAAIjG,KAAK,EAAE;YACdsB,OAAO,CAACC,GAAG,CAAC,8DAA8D,CAAC;YAC3E,IAAI,CAACvB,KAAK,CAAC0C,WAAW,CAACwD,UAAU,CAAC,OAAO,CAAC,EAAE;cAAE;cAC1ClG,KAAK,CAAC0C,WAAW,GAAG,EAAE,CAAC,CAAC;YAC5B;UACJ;QAAC;QAAA;UAAA,OAAAH,QAAA,CAAApD,IAAA;MAAA;IAAA,GAAAuC,OAAA;EAAA,CACJ;EAAA,OAAAD,oBAAA,CAAA5B,KAAA,OAAAD,SAAA;AAAA;AAGD,SAASmF,WAAWA,CAACgB,UAAU,EAAE;EAAA,IAAAI,mBAAA,EAAAC,qBAAA,EAAAC,oBAAA,EAAAC,qBAAA,EAAAC,oBAAA,EAAAC,qBAAA,EAAAC,oBAAA,EAAAC,qBAAA;EAC7B;EACApF,OAAO,CAACC,GAAG,CAAC,4BAA4B,EAAEkE,IAAI,CAACC,SAAS,CAACK,UAAU,EAAE,IAAI,EAAE,CAAC,CAAC,CAAC;;EAE9E;EACA,IAAMJ,YAAY,GAAGrF,QAAQ,CAACC,cAAc,CAACN,QAAQ,CAAC;EACtD,IAAI,CAAC0F,YAAY,EAAE;IACfrE,OAAO,CAACC,GAAG,CAAC,wCAAwC,CAAC;IACrD,OAAO,CAAC;EACZ;EAEA,IAAI,CAAAwE,UAAU,aAAVA,UAAU,wBAAAI,mBAAA,GAAVJ,UAAU,CAAEY,OAAO,cAAAR,mBAAA,wBAAAC,qBAAA,GAAnBD,mBAAA,CAAqBS,UAAU,cAAAR,qBAAA,uBAA/BA,qBAAA,CAAiCS,GAAG,MAAKC,SAAS,IAAI,CAAAf,UAAU,aAAVA,UAAU,wBAAAM,oBAAA,GAAVN,UAAU,CAAEY,OAAO,cAAAN,oBAAA,wBAAAC,qBAAA,GAAnBD,oBAAA,CAAqBO,UAAU,cAAAN,qBAAA,uBAA/BA,qBAAA,CAAiCS,GAAG,MAAKD,SAAS,IAAI,CAAAf,UAAU,aAAVA,UAAU,wBAAAQ,oBAAA,GAAVR,UAAU,CAAEY,OAAO,cAAAJ,oBAAA,wBAAAC,qBAAA,GAAnBD,oBAAA,CAAqBS,WAAW,cAAAR,qBAAA,uBAAhCA,qBAAA,CAAkCK,GAAG,MAAKC,SAAS,IAAI,CAAAf,UAAU,aAAVA,UAAU,wBAAAU,oBAAA,GAAVV,UAAU,CAAEY,OAAO,cAAAF,oBAAA,wBAAAC,qBAAA,GAAnBD,oBAAA,CAAqBO,WAAW,cAAAN,qBAAA,uBAAhCA,qBAAA,CAAkCK,GAAG,MAAKD,SAAS,EAAE;IACxN,IAAMG,SAAS,GAAG,IAAI,IAAIlB,UAAU,CAACY,OAAO,CAACC,UAAU,CAACC,GAAG,GAAGd,UAAU,CAACY,OAAO,CAACC,UAAU,CAACG,GAAG,CAAC,GAAG,CAAC;IACpG,IAAMG,MAAM,GAAG,IAAI,IAAInB,UAAU,CAACY,OAAO,CAACK,WAAW,CAACH,GAAG,GAAGd,UAAU,CAACY,OAAO,CAACK,WAAW,CAACD,GAAG,CAAC,GAAG,CAAC;IACnG,IAAMI,SAAS,cAAA/D,MAAA,CAAc6D,SAAS,CAACG,OAAO,CAAC,CAAC,CAAC,kBAAAhE,MAAA,CAAe8D,MAAM,CAACE,OAAO,CAAC,CAAC,CAAC,YAAS;IAC1F9F,OAAO,CAACC,GAAG,CAAC,0BAA0B,EAAE4F,SAAS,CAAC;IAClD;IACAxB,YAAY,CAAC0B,SAAS,GAAGF,SAAS;EACtC,CAAC,MAAM;IACH;IACA7F,OAAO,CAACC,GAAG,CAAC,4FAA4F,CAAC;IACzG,IAAI,CAACoE,YAAY,CAACjD,WAAW,CAACwD,UAAU,CAAC,OAAO,CAAC,EAAE;MAAE;MACjDP,YAAY,CAACjD,WAAW,GAAG,yBAAyB;IACxD;EACJ;AACJ;;AAEA;;AAEA;AACA,IAAM4E,gBAAgB,GAAG,SAAnBA,gBAAgBA,CAAYC,aAAa,EAAEC,GAAG,EAAE;EAClDlG,OAAO,CAACC,GAAG,CAAC,sCAAsC,CAAC,CAAC,CAAC;EACrD;EACA,IAAMf,SAAS,GAAGF,QAAQ,CAACG,aAAa,CAAC,6BAA6B,CAAC,CAAC,CAAC;EACrE,IAAID,SAAS,EAAE;IACf;IACAiH,UAAU,CAAC,YAAM;MACb;MACA,IAAMC,gBAAgB,GAAGpH,QAAQ,CAACG,aAAa,CAAC,6BAA6B,CAAC;MAClE,IAAI,CAACiH,gBAAgB,EAAE;QAC/BpG,OAAO,CAACC,GAAG,CAAC,oDAAoD,CAAC;QACjE;MACJ;MAEAD,OAAO,CAACC,GAAG,CAAC,6CAA6C,CAAC;MAC1D,IAAMoG,cAAc,GAAGrH,QAAQ,CAACG,aAAa,CAAC,gBAAgB,CAAC;MAC/D,IAAIkH,cAAc,EAAE;QAChBrG,OAAO,CAACC,GAAG,CAAC,sEAAsE,CAAC;QACnFC,mBAAmB,CAAC,CAAC,CAAC,CAAC;MAC3B,CAAC,MAAM;QACHF,OAAO,CAACC,GAAG,CAAC,+EAA+E,CAAC;QAC5F;QACA,IAAMoE,YAAY,GAAGrF,QAAQ,CAACC,cAAc,CAACN,QAAQ,CAAC;QACtD,IAAI0F,YAAY,IAAI,CAACA,YAAY,CAACjD,WAAW,CAACwD,UAAU,CAAC,OAAO,CAAC,IAAI,CAACP,YAAY,CAACjD,WAAW,CAACwD,UAAU,CAAC,aAAa,CAAC,EAAE;UACtHP,YAAY,CAACjD,WAAW,GAAG,EAAE;QACjC;MACJ;IACJ,CAAC,EAAE,GAAG,CAAC,CAAC,CAAC;EAEb,CAAC,MAAM;IACH;IACApB,OAAO,CAACC,GAAG,CAAC,4CAA4C,CAAC;IACzD,IAAIrB,QAAQ,EAAEA,QAAQ,CAAC0H,UAAU,CAAC,CAAC,CAAC,CAAC;IACrC5H,KAAK,GAAG,IAAI,CAAC,CAAC;EAClB;AACJ,CAAC;;AAED;AACA,SAAS6H,cAAcA,CAAA,EAAG;EACtB;EACA,IAAI3H,QAAQ,EAAE;IACVA,QAAQ,CAAC0H,UAAU,CAAC,CAAC;IACrBtG,OAAO,CAACC,GAAG,CAAC,iCAAiC,CAAC;EAClD,CAAC,MAAM;IACH;IACArB,QAAQ,GAAG,IAAI4H,gBAAgB,CAACR,gBAAgB,CAAC;EACrD;EAEAhG,OAAO,CAACC,GAAG,CAAC,4CAA4C,CAAC;EAEzD,IAAIwG,iBAAiB,GAAG,KAAK;;EAE7B;EACA;EACA,IAAMC,yBAAyB,GAAG1H,QAAQ,CAACG,aAAa,CAAC,+CAA+C,CAAC;EAEzG,IAAIuH,yBAAyB,EAAE;IAC3B1G,OAAO,CAACC,GAAG,CAAC,wCAAwC,EAAEyG,yBAAyB,CAAC;IAChF9H,QAAQ,CAAC+H,OAAO,CAACD,yBAAyB,EAAE;MAAEE,SAAS,EAAE,IAAI;MAAEC,OAAO,EAAE;IAAK,CAAC,CAAC;IAC/EJ,iBAAiB,GAAG,IAAI;EAC5B,CAAC,MAAM;IACHzG,OAAO,CAAC8G,IAAI,CAAC,4HAA4H,CAAC;IAC1I;IACA,IAAMC,wBAAwB,GAAG/H,QAAQ,CAACG,aAAa,CAAC,4CAA4C,CAAC;IACrG,IAAI4H,wBAAwB,IAAIA,wBAAwB,KAAK/H,QAAQ,CAACgI,IAAI,EAAE;MACxEhH,OAAO,CAACC,GAAG,CAAC,uCAAuC,EAAE8G,wBAAwB,CAAC;MAC9EnI,QAAQ,CAAC+H,OAAO,CAACI,wBAAwB,EAAE;QAAEH,SAAS,EAAE,IAAI;QAAEC,OAAO,EAAE;MAAK,CAAC,CAAC;MAC9EJ,iBAAiB,GAAG,IAAI;IAC5B;EACJ;;EAEA;EACA;EACA,IAAMQ,mBAAmB,GAAGjI,QAAQ,CAACG,aAAa,CAAC,sDAAsD,CAAC;EAC1G,IAAI8H,mBAAmB,EAAE;IACrBjH,OAAO,CAACC,GAAG,CAAC,kCAAkC,EAAEgH,mBAAmB,CAAC;IACpE;IACArI,QAAQ,CAAC+H,OAAO,CAACM,mBAAmB,EAAE;MAAEL,SAAS,EAAE,IAAI;MAAEC,OAAO,EAAE,IAAI;MAAEK,aAAa,EAAE;IAAK,CAAC,CAAC;IAC9F;IACA;IACAT,iBAAiB,GAAG,IAAI,CAAC,CAAC;EAC9B,CAAC,MAAM;IACHzG,OAAO,CAAC8G,IAAI,CAAC,kCAAkC,CAAC;EACpD;;EAEA;EACA;EACA,IAAI,CAACL,iBAAiB,EAAE;IACpBzG,OAAO,CAAC8G,IAAI,CAAC,4EAA4E,CAAC;IAC1F;IACAlI,QAAQ,CAAC+H,OAAO,CAAC3H,QAAQ,CAACgI,IAAI,EAAE;MAAEJ,SAAS,EAAE,IAAI;MAAEC,OAAO,EAAE;IAAK,CAAC,CAAC;EACvE,CAAC,MAAM;IACH7G,OAAO,CAACC,GAAG,CAAC,8BAA8B,CAAC;EAC/C;AACJ;;AAEA;;AAEA,SAASkH,qBAAqBA,CAAA,EAAG;EAC7BnH,OAAO,CAACC,GAAG,CAAC,6BAA6B,CAAC;EAC1C;EACA,IAAInB,iBAAiB,CAAC,CAAC,EAAE;IACrB;IACA,IAAMsI,UAAU,GAAG,IAAIrF,GAAG,CAACC,MAAM,CAACC,QAAQ,CAACC,IAAI,CAAC;IAChD,IAAMmF,WAAW,MAAAvF,MAAA,CAAMsF,UAAU,CAACjF,MAAM,EAAAL,MAAA,CAAGsF,UAAU,CAAChF,QAAQ,CAAE;IAChEC,MAAM,CAACC,OAAO,CAACC,KAAK,CAACC,GAAG,CAAC,CAAC,mBAAmB,EAAE,gBAAgB,CAAC,EAAE,UAAC8E,UAAU,EAAK;MAC9E,IAAMC,aAAa,GAAGD,UAAU,CAACzE,iBAAiB,IAAI,CAAC,CAAC;MACxD,IAAM2E,UAAU,GAAGF,UAAU,CAACvE,cAAc,IAAI,CAAC,CAAC;MAClD,IAAM0E,YAAY,GAAGF,aAAa,CAACF,WAAW,CAAC;MAC/C,IAAMK,WAAW,GAAGF,UAAU,CAACH,WAAW,CAAC;MAC3C,IAAII,YAAY,IAAIC,WAAW,EAAE;QAC7B,IAAI;UACA,IAAMC,QAAQ,GAAG,IAAI5F,GAAG,CAAC2F,WAAW,CAACxE,GAAG,CAAC;UACzC,IAAI,GAAApB,MAAA,CAAG6F,QAAQ,CAACxF,MAAM,EAAAL,MAAA,CAAG6F,QAAQ,CAACvF,QAAQ,MAAOiF,WAAW,EAAE;YAC1D5D,WAAW,CAACgE,YAAY,CAAC;UAC7B;QACJ,CAAC,CAAC,OAAAG,OAAA,EAAM,CAAC;MACb;MACA;MACA1H,mBAAmB,CAAC,CAAC;MACrBqG,cAAc,CAAC,CAAC;IACpB,CAAC,CAAC;EACN,CAAC,MAAM;IACH;IACAvG,OAAO,CAACC,GAAG,CAAC,yDAAyD,CAAC;IACtE4H,sBAAsB,CAAC,IAAI,CAAC,CAAC,CAAC;EAClC;AACJ;;AAEA;AACA,SAASA,sBAAsBA,CAAA,EAAc;EAAA,IAAbC,KAAK,GAAAxJ,SAAA,CAAAzB,MAAA,QAAAyB,SAAA,QAAAkH,SAAA,GAAAlH,SAAA,MAAG,GAAG;EACvCyJ,YAAY,CAAClJ,mBAAmB,CAAC,CAAC,CAAC;EACnCA,mBAAmB,GAAGsH,UAAU,CAACgB,qBAAqB,EAAEW,KAAK,CAAC;AAClE;;AAEA;;AAEA;AACA9F,MAAM,CAACgG,gBAAgB,CAAC,UAAU,EAAE,YAAM;EACtChI,OAAO,CAACC,GAAG,CAAC,2BAA2B,CAAC;EACxC4H,sBAAsB,CAAC,CAAC;AAC5B,CAAC,CAAC;AACF7F,MAAM,CAACgG,gBAAgB,CAAC,YAAY,EAAE,YAAM;EACxChI,OAAO,CAACC,GAAG,CAAC,6BAA6B,CAAC;EAC1C4H,sBAAsB,CAAC,CAAC;AAC5B,CAAC,CAAC;;AAEF;AACA,IAAMI,iBAAiB,GAAGC,OAAO,CAACC,SAAS;AAC3CD,OAAO,CAACC,SAAS,GAAG,YAAW;EAC3B,IAAM1F,MAAM,GAAGwF,iBAAiB,CAAC1J,KAAK,CAAC,IAAI,EAAED,SAAS,CAAC;EACvD0D,MAAM,CAACoG,aAAa,CAAC,IAAIC,KAAK,CAAC,WAAW,CAAC,CAAC,CAAC,CAAC;EAC9CrG,MAAM,CAACoG,aAAa,CAAC,IAAIC,KAAK,CAAC,gBAAgB,CAAC,CAAC,CAAC,CAAC;EACnD,OAAO5F,MAAM;AACjB,CAAC;AAED,IAAM6F,oBAAoB,GAAGJ,OAAO,CAACK,YAAY;AACjDL,OAAO,CAACK,YAAY,GAAG,YAAW;EAC9B,IAAM9F,MAAM,GAAG6F,oBAAoB,CAAC/J,KAAK,CAAC,IAAI,EAAED,SAAS,CAAC;EAC1D0D,MAAM,CAACoG,aAAa,CAAC,IAAIC,KAAK,CAAC,cAAc,CAAC,CAAC,CAAC,CAAC;EACjDrG,MAAM,CAACoG,aAAa,CAAC,IAAIC,KAAK,CAAC,gBAAgB,CAAC,CAAC,CAAC,CAAC;EACnD,OAAO5F,MAAM;AACjB,CAAC;;AAED;AACAT,MAAM,CAACgG,gBAAgB,CAAC,WAAW,EAAE,YAAM;EACvChI,OAAO,CAACC,GAAG,CAAC,wBAAwB,CAAC;EACrC4H,sBAAsB,CAAC,CAAC;AAC5B,CAAC,CAAC;AACF7F,MAAM,CAACgG,gBAAgB,CAAC,cAAc,EAAE,YAAM;EAC1ChI,OAAO,CAACC,GAAG,CAAC,2BAA2B,CAAC;EACxC4H,sBAAsB,CAAC,CAAC;AAC5B,CAAC,CAAC;;AAEF;AACA7F,MAAM,CAACgG,gBAAgB,CAAC,gBAAgB,EAAE,YAAM;EAC5ChI,OAAO,CAACC,GAAG,CAAC,6BAA6B,CAAC;EAC1C4H,sBAAsB,CAAC,CAAC;AAC5B,CAAC,CAAC;;AAEF;;AAEA,IAAI7I,QAAQ,CAACwJ,UAAU,KAAK,SAAS,EAAE;EACnCxJ,QAAQ,CAACgJ,gBAAgB,CAAC,kBAAkB,EAAE;IAAA,OAAMH,sBAAsB,CAAC,IAAI,CAAC;EAAA,EAAC,CAAC,CAAC;AACvF,CAAC,MAAM;EACH;EACAA,sBAAsB,CAAC,IAAI,CAAC;AAChC;AAEA7H,OAAO,CAACC,GAAG,CAAC,oCAAoC,CAAC;;AAEjD;AACAoC,MAAM,CAACyB,OAAO,CAAC2E,SAAS,CAACC,WAAW,CAAC,UAACC,OAAO,EAAEC,MAAM,EAAEC,YAAY,EAAK;EACtE,IAAIF,OAAO,CAAC3E,MAAM,KAAK,yBAAyB,EAAE;IAChDhE,OAAO,CAACC,GAAG,CAAC,wDAAwD,CAAC;IACrE4H,sBAAsB,CAAC,CAAC;EAC1B;AACF,CAAC,CAAC;;AAEF","ignoreList":[]},"_coverageSchema":"1a1c01bbd47fc00a2c39e90264f33305004495a9","hash":"38559505734e29efb58e7af261f7559076e29fc4","contentHash":"1a72f53a47406b687665bcf2c24bd9cd7f1a9e68fd0e8ef08e2282b45e3293e5"}}